000 (1423256.013.000) 08/19 07:08:08 Job submitted from host: <131.225.190.173:43234?addrs=131.225.190.173-43234>
...
001 (1423256.013.000) 08/19 07:08:26 Job executing on host: <131.225.207.194:35985>
...
006 (1423256.013.000) 08/19 07:08:35 Image size of job updated: 1
	3  -  MemoryUsage of job (MB)
	2500  -  ResidentSetSize of job (KB)
...
006 (1423256.013.000) 08/19 07:09:36 Image size of job updated: 774300
	158  -  MemoryUsage of job (MB)
	161412  -  ResidentSetSize of job (KB)
...
006 (1423256.013.000) 08/19 07:11:38 Image size of job updated: 774300
	158  -  MemoryUsage of job (MB)
	161432  -  ResidentSetSize of job (KB)
...
006 (1423256.013.000) 08/19 07:12:39 Image size of job updated: 774300
	159  -  MemoryUsage of job (MB)
	162436  -  ResidentSetSize of job (KB)
...
006 (1423256.013.000) 08/19 07:13:40 Image size of job updated: 774300
	160  -  MemoryUsage of job (MB)
	163008  -  ResidentSetSize of job (KB)
...
006 (1423256.013.000) 08/19 07:14:42 Image size of job updated: 774336
	160  -  MemoryUsage of job (MB)
	163008  -  ResidentSetSize of job (KB)
...
006 (1423256.013.000) 08/19 07:16:42 Image size of job updated: 774352
	160  -  MemoryUsage of job (MB)
	163008  -  ResidentSetSize of job (KB)
...
005 (1423256.013.000) 08/19 07:17:31 Job terminated.
	(1) Normal termination (return value 0)
		Usr 0 00:04:15, Sys 0 00:00:05  -  Run Remote Usage
		Usr 0 00:00:00, Sys 0 00:00:00  -  Run Local Usage
		Usr 0 00:04:15, Sys 0 00:00:05  -  Total Remote Usage
		Usr 0 00:00:00, Sys 0 00:00:00  -  Total Local Usage
	26500  -  Run Bytes Sent By Job
	2138297  -  Run Bytes Received By Job
	26500  -  Total Bytes Sent By Job
	2138297  -  Total Bytes Received By Job
	Partitionable Resources :    Usage  Request Allocated
	   Cpus                 :                 1         1
	   Disk (KB)            :     2513 52428800  52668705
	   Memory (MB)          :      160     1536      1536
...
