000 (1423256.009.000) 08/19 07:08:08 Job submitted from host: <131.225.190.173:43234?addrs=131.225.190.173-43234>
...
001 (1423256.009.000) 08/19 07:08:26 Job executing on host: <131.225.206.227:38070>
...
006 (1423256.009.000) 08/19 07:08:34 Image size of job updated: 32152
	7  -  MemoryUsage of job (MB)
	6844  -  ResidentSetSize of job (KB)
...
006 (1423256.009.000) 08/19 07:09:34 Image size of job updated: 774172
	159  -  MemoryUsage of job (MB)
	162528  -  ResidentSetSize of job (KB)
...
006 (1423256.009.000) 08/19 07:10:34 Image size of job updated: 774264
	159  -  MemoryUsage of job (MB)
	162528  -  ResidentSetSize of job (KB)
...
006 (1423256.009.000) 08/19 07:12:35 Image size of job updated: 774264
	184  -  MemoryUsage of job (MB)
	187448  -  ResidentSetSize of job (KB)
...
005 (1423256.009.000) 08/19 07:18:01 Job terminated.
	(1) Normal termination (return value 0)
		Usr 0 00:04:27, Sys 0 00:00:10  -  Run Remote Usage
		Usr 0 00:00:00, Sys 0 00:00:00  -  Run Local Usage
		Usr 0 00:04:27, Sys 0 00:00:10  -  Total Remote Usage
		Usr 0 00:00:00, Sys 0 00:00:00  -  Total Local Usage
	26593  -  Run Bytes Sent By Job
	2138297  -  Run Bytes Received By Job
	26593  -  Total Bytes Sent By Job
	2138297  -  Total Bytes Received By Job
	Partitionable Resources :    Usage  Request Allocated
	   Cpus                 :                 1         1
	   Disk (KB)            :     2405 52428800  54411300
	   Memory (MB)          :      184     1536      1536
...
