000 (1423256.001.000) 08/19 07:08:08 Job submitted from host: <131.225.190.173:43234?addrs=131.225.190.173-43234>
...
001 (1423256.001.000) 08/19 07:08:24 Job executing on host: <131.225.207.143:33920>
...
006 (1423256.001.000) 08/19 07:08:33 Image size of job updated: 1
	3  -  MemoryUsage of job (MB)
	2492  -  ResidentSetSize of job (KB)
...
006 (1423256.001.000) 08/19 07:09:34 Image size of job updated: 774272
	160  -  MemoryUsage of job (MB)
	163108  -  ResidentSetSize of job (KB)
...
006 (1423256.001.000) 08/19 07:13:38 Image size of job updated: 774284
	160  -  MemoryUsage of job (MB)
	163108  -  ResidentSetSize of job (KB)
...
006 (1423256.001.000) 08/19 07:18:52 Image size of job updated: 1141764
	160  -  MemoryUsage of job (MB)
	163108  -  ResidentSetSize of job (KB)
...
005 (1423256.001.000) 08/19 07:18:53 Job terminated.
	(1) Normal termination (return value 0)
		Usr 0 00:05:07, Sys 0 00:00:12  -  Run Remote Usage
		Usr 0 00:00:00, Sys 0 00:00:00  -  Run Local Usage
		Usr 0 00:05:07, Sys 0 00:00:12  -  Total Remote Usage
		Usr 0 00:00:00, Sys 0 00:00:00  -  Total Local Usage
	26587  -  Run Bytes Sent By Job
	2138297  -  Run Bytes Received By Job
	26587  -  Total Bytes Sent By Job
	2138297  -  Total Bytes Received By Job
	Partitionable Resources :    Usage  Request Allocated
	   Cpus                 :                 1         1
	   Disk (KB)            :     2802 52428800  53249940
	   Memory (MB)          :      160     1536      1536
...
