000 (1423256.021.000) 08/19 07:08:08 Job submitted from host: <131.225.190.173:43234?addrs=131.225.190.173-43234>
...
001 (1423256.021.000) 08/19 07:08:28 Job executing on host: <131.225.207.168:53858>
...
006 (1423256.021.000) 08/19 07:08:36 Image size of job updated: 414192
	175  -  MemoryUsage of job (MB)
	178212  -  ResidentSetSize of job (KB)
...
006 (1423256.021.000) 08/19 07:09:36 Image size of job updated: 774132
	175  -  MemoryUsage of job (MB)
	178212  -  ResidentSetSize of job (KB)
...
006 (1423256.021.000) 08/19 07:10:37 Image size of job updated: 774220
	175  -  MemoryUsage of job (MB)
	178212  -  ResidentSetSize of job (KB)
...
006 (1423256.021.000) 08/19 07:11:38 Image size of job updated: 774236
	175  -  MemoryUsage of job (MB)
	178212  -  ResidentSetSize of job (KB)
...
005 (1423256.021.000) 08/19 07:13:41 Job terminated.
	(1) Normal termination (return value 0)
		Usr 0 00:02:19, Sys 0 00:00:01  -  Run Remote Usage
		Usr 0 00:00:00, Sys 0 00:00:00  -  Run Local Usage
		Usr 0 00:02:19, Sys 0 00:00:01  -  Total Remote Usage
		Usr 0 00:00:00, Sys 0 00:00:00  -  Total Local Usage
	17287  -  Run Bytes Sent By Job
	2138297  -  Run Bytes Received By Job
	17287  -  Total Bytes Sent By Job
	2138297  -  Total Bytes Received By Job
	Partitionable Resources :    Usage  Request Allocated
	   Cpus                 :                 1         1
	   Disk (KB)            :    11527 52428800  52514760
	   Memory (MB)          :      175     1536      1536
...
