000 (1423256.007.000) 08/19 07:08:08 Job submitted from host: <131.225.190.173:43234?addrs=131.225.190.173-43234>
...
001 (1423256.007.000) 08/19 07:08:24 Job executing on host: <131.225.206.85:34162>
...
006 (1423256.007.000) 08/19 07:08:33 Image size of job updated: 1
	3  -  MemoryUsage of job (MB)
	2496  -  ResidentSetSize of job (KB)
...
006 (1423256.007.000) 08/19 07:09:34 Image size of job updated: 774124
	184  -  MemoryUsage of job (MB)
	187448  -  ResidentSetSize of job (KB)
...
006 (1423256.007.000) 08/19 07:11:36 Image size of job updated: 774308
	184  -  MemoryUsage of job (MB)
	187448  -  ResidentSetSize of job (KB)
...
006 (1423256.007.000) 08/19 07:12:36 Image size of job updated: 774364
	184  -  MemoryUsage of job (MB)
	187448  -  ResidentSetSize of job (KB)
...
005 (1423256.007.000) 08/19 07:17:39 Job terminated.
	(1) Normal termination (return value 0)
		Usr 0 00:04:16, Sys 0 00:00:08  -  Run Remote Usage
		Usr 0 00:00:00, Sys 0 00:00:00  -  Run Local Usage
		Usr 0 00:04:16, Sys 0 00:00:08  -  Total Remote Usage
		Usr 0 00:00:00, Sys 0 00:00:00  -  Total Local Usage
	26566  -  Run Bytes Sent By Job
	2138297  -  Run Bytes Received By Job
	26566  -  Total Bytes Sent By Job
	2138297  -  Total Bytes Received By Job
	Partitionable Resources :    Usage  Request Allocated
	   Cpus                 :                 1         1
	   Disk (KB)            :     2491 52428800  52527405
	   Memory (MB)          :      184     1536      1536
...
