000 (1423256.023.000) 08/19 07:08:08 Job submitted from host: <131.225.190.173:43234?addrs=131.225.190.173-43234>
...
001 (1423256.023.000) 08/19 07:08:28 Job executing on host: <131.225.207.192:48728>
...
006 (1423256.023.000) 08/19 07:08:36 Image size of job updated: 410716
	184  -  MemoryUsage of job (MB)
	187452  -  ResidentSetSize of job (KB)
...
006 (1423256.023.000) 08/19 07:09:36 Image size of job updated: 774164
	184  -  MemoryUsage of job (MB)
	187452  -  ResidentSetSize of job (KB)
...
006 (1423256.023.000) 08/19 07:11:36 Image size of job updated: 774216
	184  -  MemoryUsage of job (MB)
	187452  -  ResidentSetSize of job (KB)
...
006 (1423256.023.000) 08/19 07:12:36 Image size of job updated: 774232
	184  -  MemoryUsage of job (MB)
	187452  -  ResidentSetSize of job (KB)
...
006 (1423256.023.000) 08/19 07:13:36 Image size of job updated: 774304
	184  -  MemoryUsage of job (MB)
	187452  -  ResidentSetSize of job (KB)
...
006 (1423256.023.000) 08/19 07:17:59 Image size of job updated: 774308
	184  -  MemoryUsage of job (MB)
	187452  -  ResidentSetSize of job (KB)
...
005 (1423256.023.000) 08/19 07:17:59 Job terminated.
	(1) Normal termination (return value 0)
		Usr 0 00:04:09, Sys 0 00:00:02  -  Run Remote Usage
		Usr 0 00:00:00, Sys 0 00:00:00  -  Run Local Usage
		Usr 0 00:04:09, Sys 0 00:00:02  -  Total Remote Usage
		Usr 0 00:00:00, Sys 0 00:00:00  -  Total Local Usage
	28766  -  Run Bytes Sent By Job
	2138297  -  Run Bytes Received By Job
	28766  -  Total Bytes Sent By Job
	2138297  -  Total Bytes Received By Job
	Partitionable Resources :    Usage  Request Allocated
	   Cpus                 :                 1         1
	   Disk (KB)            :    15886 52428800  52675455
	   Memory (MB)          :      184     1536      1536
...
