000 (1423256.006.000) 08/19 07:08:08 Job submitted from host: <131.225.190.173:43234?addrs=131.225.190.173-43234>
...
001 (1423256.006.000) 08/19 07:08:26 Job executing on host: <131.225.206.166:39156>
...
006 (1423256.006.000) 08/19 07:08:34 Image size of job updated: 1
	3  -  MemoryUsage of job (MB)
	2500  -  ResidentSetSize of job (KB)
...
006 (1423256.006.000) 08/19 07:09:34 Image size of job updated: 774300
	159  -  MemoryUsage of job (MB)
	162248  -  ResidentSetSize of job (KB)
...
006 (1423256.006.000) 08/19 07:10:34 Image size of job updated: 774300
	163  -  MemoryUsage of job (MB)
	166008  -  ResidentSetSize of job (KB)
...
006 (1423256.006.000) 08/19 07:12:35 Image size of job updated: 774484
	163  -  MemoryUsage of job (MB)
	166008  -  ResidentSetSize of job (KB)
...
005 (1423256.006.000) 08/19 07:19:04 Job terminated.
	(1) Normal termination (return value 0)
		Usr 0 00:05:05, Sys 0 00:00:12  -  Run Remote Usage
		Usr 0 00:00:00, Sys 0 00:00:00  -  Run Local Usage
		Usr 0 00:05:05, Sys 0 00:00:12  -  Total Remote Usage
		Usr 0 00:00:00, Sys 0 00:00:00  -  Total Local Usage
	26600  -  Run Bytes Sent By Job
	2138297  -  Run Bytes Received By Job
	26600  -  Total Bytes Sent By Job
	2138297  -  Total Bytes Received By Job
	Partitionable Resources :    Usage  Request Allocated
	   Cpus                 :                 1         1
	   Disk (KB)            :     2488 52428800  54834390
	   Memory (MB)          :      163     1536      1536
...
