000 (1423256.004.000) 08/19 07:08:08 Job submitted from host: <131.225.190.173:43234?addrs=131.225.190.173-43234>
...
001 (1423256.004.000) 08/19 07:08:24 Job executing on host: <131.225.206.206:40315>
...
006 (1423256.004.000) 08/19 07:08:33 Image size of job updated: 1
	3  -  MemoryUsage of job (MB)
	2500  -  ResidentSetSize of job (KB)
...
006 (1423256.004.000) 08/19 07:09:34 Image size of job updated: 774120
	158  -  MemoryUsage of job (MB)
	161764  -  ResidentSetSize of job (KB)
...
006 (1423256.004.000) 08/19 07:10:36 Image size of job updated: 774124
	184  -  MemoryUsage of job (MB)
	187484  -  ResidentSetSize of job (KB)
...
006 (1423256.004.000) 08/19 07:11:36 Image size of job updated: 774212
	184  -  MemoryUsage of job (MB)
	187484  -  ResidentSetSize of job (KB)
...
006 (1423256.004.000) 08/19 07:12:36 Image size of job updated: 774300
	184  -  MemoryUsage of job (MB)
	187484  -  ResidentSetSize of job (KB)
...
005 (1423256.004.000) 08/19 07:17:56 Job terminated.
	(1) Normal termination (return value 0)
		Usr 0 00:04:13, Sys 0 00:00:07  -  Run Remote Usage
		Usr 0 00:00:00, Sys 0 00:00:00  -  Run Local Usage
		Usr 0 00:04:13, Sys 0 00:00:07  -  Total Remote Usage
		Usr 0 00:00:00, Sys 0 00:00:00  -  Total Local Usage
	26556  -  Run Bytes Sent By Job
	2138297  -  Run Bytes Received By Job
	26556  -  Total Bytes Sent By Job
	2138297  -  Total Bytes Received By Job
	Partitionable Resources :    Usage  Request Allocated
	   Cpus                 :                 1         1
	   Disk (KB)            :     2368 52428800  54446850
	   Memory (MB)          :      184     1536      1536
...
