000 (1423256.016.000) 08/19 07:08:08 Job submitted from host: <131.225.190.173:43234?addrs=131.225.190.173-43234>
...
001 (1423256.016.000) 08/19 07:08:28 Job executing on host: <131.225.204.46:56541>
...
006 (1423256.016.000) 08/19 07:08:36 Image size of job updated: 173400
	9  -  MemoryUsage of job (MB)
	9188  -  ResidentSetSize of job (KB)
...
006 (1423256.016.000) 08/19 07:09:36 Image size of job updated: 774116
	162  -  MemoryUsage of job (MB)
	164904  -  ResidentSetSize of job (KB)
...
006 (1423256.016.000) 08/19 07:10:36 Image size of job updated: 1141768
	167  -  MemoryUsage of job (MB)
	170272  -  ResidentSetSize of job (KB)
...
005 (1423256.016.000) 08/19 07:17:28 Job terminated.
	(1) Normal termination (return value 0)
		Usr 0 00:03:53, Sys 0 00:00:03  -  Run Remote Usage
		Usr 0 00:00:00, Sys 0 00:00:00  -  Run Local Usage
		Usr 0 00:03:53, Sys 0 00:00:03  -  Total Remote Usage
		Usr 0 00:00:00, Sys 0 00:00:00  -  Total Local Usage
	28758  -  Run Bytes Sent By Job
	2138297  -  Run Bytes Received By Job
	28758  -  Total Bytes Sent By Job
	2138297  -  Total Bytes Received By Job
	Partitionable Resources :    Usage  Request Allocated
	   Cpus                 :                 1         1
	   Disk (KB)            :    12020 52428800  52492410
	   Memory (MB)          :      167     1536      1536
...
