000 (1423256.011.000) 08/19 07:08:08 Job submitted from host: <131.225.190.173:43234?addrs=131.225.190.173-43234>
...
001 (1423256.011.000) 08/19 07:08:26 Job executing on host: <131.225.191.146:34306>
...
006 (1423256.011.000) 08/19 07:08:34 Image size of job updated: 1
	3  -  MemoryUsage of job (MB)
	2496  -  ResidentSetSize of job (KB)
...
006 (1423256.011.000) 08/19 07:09:34 Image size of job updated: 774196
	158  -  MemoryUsage of job (MB)
	161132  -  ResidentSetSize of job (KB)
...
006 (1423256.011.000) 08/19 07:10:34 Image size of job updated: 1073604
	175  -  MemoryUsage of job (MB)
	178304  -  ResidentSetSize of job (KB)
...
005 (1423256.011.000) 08/19 07:18:01 Job terminated.
	(1) Normal termination (return value 0)
		Usr 0 00:04:31, Sys 0 00:00:10  -  Run Remote Usage
		Usr 0 00:00:00, Sys 0 00:00:00  -  Run Local Usage
		Usr 0 00:04:31, Sys 0 00:00:10  -  Total Remote Usage
		Usr 0 00:00:00, Sys 0 00:00:00  -  Total Local Usage
	26544  -  Run Bytes Sent By Job
	2138297  -  Run Bytes Received By Job
	26544  -  Total Bytes Sent By Job
	2138297  -  Total Bytes Received By Job
	Partitionable Resources :    Usage  Request Allocated
	   Cpus                 :                 1         1
	   Disk (KB)            :     2412 52428800  54202950
	   Memory (MB)          :      175     1536      1536
...
