000 (1423256.025.000) 08/19 07:08:08 Job submitted from host: <131.225.190.173:43234?addrs=131.225.190.173-43234>
...
001 (1423256.025.000) 08/19 07:08:28 Job executing on host: <131.225.206.159:42545>
...
006 (1423256.025.000) 08/19 07:08:36 Image size of job updated: 1
	3  -  MemoryUsage of job (MB)
	2504  -  ResidentSetSize of job (KB)
...
006 (1423256.025.000) 08/19 07:09:36 Image size of job updated: 774260
	161  -  MemoryUsage of job (MB)
	164748  -  ResidentSetSize of job (KB)
...
006 (1423256.025.000) 08/19 07:10:37 Image size of job updated: 774260
	162  -  MemoryUsage of job (MB)
	165012  -  ResidentSetSize of job (KB)
...
006 (1423256.025.000) 08/19 07:11:38 Image size of job updated: 774260
	162  -  MemoryUsage of job (MB)
	165080  -  ResidentSetSize of job (KB)
...
006 (1423256.025.000) 08/19 07:12:39 Image size of job updated: 774296
	162  -  MemoryUsage of job (MB)
	165080  -  ResidentSetSize of job (KB)
...
006 (1423256.025.000) 08/19 07:13:40 Image size of job updated: 774296
	168  -  MemoryUsage of job (MB)
	172024  -  ResidentSetSize of job (KB)
...
005 (1423256.025.000) 08/19 07:15:33 Job terminated.
	(1) Normal termination (return value 0)
		Usr 0 00:02:56, Sys 0 00:00:02  -  Run Remote Usage
		Usr 0 00:00:00, Sys 0 00:00:00  -  Run Local Usage
		Usr 0 00:02:56, Sys 0 00:00:02  -  Total Remote Usage
		Usr 0 00:00:00, Sys 0 00:00:00  -  Total Local Usage
	27344  -  Run Bytes Sent By Job
	2138297  -  Run Bytes Received By Job
	27344  -  Total Bytes Sent By Job
	2138297  -  Total Bytes Received By Job
	Partitionable Resources :    Usage  Request Allocated
	   Cpus                 :                 1         1
	   Disk (KB)            :    17552 52428800  54919836
	   Memory (MB)          :      168     1536      1536
...
