Output File Name: TopTaggerTrimmed_Spring16_80X_Jul_2016_Ntp_v8p0_new_JEC_new_muonID_top_up_FINAL_TTJets_Inc_stopFlatNtuples_243.root

firstSpec : QCD  spec : QCD  isfastsim : 0

spec : QCD  jetVecLabel : jetsLVec  CSVVecLabel : recoJetsBtag_0  METLabel : met
----------------------------------------------------------------------
 M_T2 : a variable for measuring masses when missing energy is expected.
 If you use MT2 or this library, please cite:
 	(o) C.G.Lester, D.J.Summers 
 	    Phys.Lett.B.463:99-103 (1999) hep-ph/9906349
 	(o) A.J.Barr, C.G.Lester, P.Stephens 
 	    J.Phys.G 29:2343-2363  (2003) hep-ph/0304226
 If you use MTGEN please also cite:
 	(o) C.G.Lester, A.J.Barr (2007) arXiv:0708.1028 (hep-ph)
 	    JHEP 12(2007)102
 If you use the ChengHanBisection MT2 calculator, please also cite:
 	(o) H.Cheng, Z.Han,  arXiv:0810.5178
----------------------------------------------------------------------
Output File Name: TopTaggerTrimmed_Spring16_80X_Jul_2016_Ntp_v8p0_new_JEC_new_muonID_top_up_FINAL_TTJets_Inc_stopFlatNtuples_244.root

firstSpec : QCD  spec : QCD  isfastsim : 0

spec : QCD  jetVecLabel : jetsLVec  CSVVecLabel : recoJetsBtag_0  METLabel : met
----------------------------------------------------------------------
 M_T2 : a variable for measuring masses when missing energy is expected.
 If you use MT2 or this library, please cite:
 	(o) C.G.Lester, D.J.Summers 
 	    Phys.Lett.B.463:99-103 (1999) hep-ph/9906349
 	(o) A.J.Barr, C.G.Lester, P.Stephens 
 	    J.Phys.G 29:2343-2363  (2003) hep-ph/0304226
 If you use MTGEN please also cite:
 	(o) C.G.Lester, A.J.Barr (2007) arXiv:0708.1028 (hep-ph)
 	    JHEP 12(2007)102
 If you use the ChengHanBisection MT2 calculator, please also cite:
 	(o) H.Cheng, Z.Han,  arXiv:0810.5178
----------------------------------------------------------------------
Output File Name: TopTaggerTrimmed_Spring16_80X_Jul_2016_Ntp_v8p0_new_JEC_new_muonID_top_up_FINAL_TTJets_Inc_stopFlatNtuples_245.root

firstSpec : QCD  spec : QCD  isfastsim : 0

spec : QCD  jetVecLabel : jetsLVec  CSVVecLabel : recoJetsBtag_0  METLabel : met
----------------------------------------------------------------------
 M_T2 : a variable for measuring masses when missing energy is expected.
 If you use MT2 or this library, please cite:
 	(o) C.G.Lester, D.J.Summers 
 	    Phys.Lett.B.463:99-103 (1999) hep-ph/9906349
 	(o) A.J.Barr, C.G.Lester, P.Stephens 
 	    J.Phys.G 29:2343-2363  (2003) hep-ph/0304226
 If you use MTGEN please also cite:
 	(o) C.G.Lester, A.J.Barr (2007) arXiv:0708.1028 (hep-ph)
 	    JHEP 12(2007)102
 If you use the ChengHanBisection MT2 calculator, please also cite:
 	(o) H.Cheng, Z.Han,  arXiv:0810.5178
----------------------------------------------------------------------
Output File Name: TopTaggerTrimmed_Spring16_80X_Jul_2016_Ntp_v8p0_new_JEC_new_muonID_top_up_FINAL_TTJets_Inc_stopFlatNtuples_246.root

firstSpec : QCD  spec : QCD  isfastsim : 0

spec : QCD  jetVecLabel : jetsLVec  CSVVecLabel : recoJetsBtag_0  METLabel : met
----------------------------------------------------------------------
 M_T2 : a variable for measuring masses when missing energy is expected.
 If you use MT2 or this library, please cite:
 	(o) C.G.Lester, D.J.Summers 
 	    Phys.Lett.B.463:99-103 (1999) hep-ph/9906349
 	(o) A.J.Barr, C.G.Lester, P.Stephens 
 	    J.Phys.G 29:2343-2363  (2003) hep-ph/0304226
 If you use MTGEN please also cite:
 	(o) C.G.Lester, A.J.Barr (2007) arXiv:0708.1028 (hep-ph)
 	    JHEP 12(2007)102
 If you use the ChengHanBisection MT2 calculator, please also cite:
 	(o) H.Cheng, Z.Han,  arXiv:0810.5178
----------------------------------------------------------------------
Output File Name: TopTaggerTrimmed_Spring16_80X_Jul_2016_Ntp_v8p0_new_JEC_new_muonID_top_up_FINAL_TTJets_Inc_stopFlatNtuples_247.root

firstSpec : QCD  spec : QCD  isfastsim : 0

spec : QCD  jetVecLabel : jetsLVec  CSVVecLabel : recoJetsBtag_0  METLabel : met
----------------------------------------------------------------------
 M_T2 : a variable for measuring masses when missing energy is expected.
 If you use MT2 or this library, please cite:
 	(o) C.G.Lester, D.J.Summers 
 	    Phys.Lett.B.463:99-103 (1999) hep-ph/9906349
 	(o) A.J.Barr, C.G.Lester, P.Stephens 
 	    J.Phys.G 29:2343-2363  (2003) hep-ph/0304226
 If you use MTGEN please also cite:
 	(o) C.G.Lester, A.J.Barr (2007) arXiv:0708.1028 (hep-ph)
 	    JHEP 12(2007)102
 If you use the ChengHanBisection MT2 calculator, please also cite:
 	(o) H.Cheng, Z.Han,  arXiv:0810.5178
----------------------------------------------------------------------
Output File Name: TopTaggerTrimmed_Spring16_80X_Jul_2016_Ntp_v8p0_new_JEC_new_muonID_top_up_FINAL_TTJets_Inc_stopFlatNtuples_248.root

firstSpec : QCD  spec : QCD  isfastsim : 0

spec : QCD  jetVecLabel : jetsLVec  CSVVecLabel : recoJetsBtag_0  METLabel : met
----------------------------------------------------------------------
 M_T2 : a variable for measuring masses when missing energy is expected.
 If you use MT2 or this library, please cite:
 	(o) C.G.Lester, D.J.Summers 
 	    Phys.Lett.B.463:99-103 (1999) hep-ph/9906349
 	(o) A.J.Barr, C.G.Lester, P.Stephens 
 	    J.Phys.G 29:2343-2363  (2003) hep-ph/0304226
 If you use MTGEN please also cite:
 	(o) C.G.Lester, A.J.Barr (2007) arXiv:0708.1028 (hep-ph)
 	    JHEP 12(2007)102
 If you use the ChengHanBisection MT2 calculator, please also cite:
 	(o) H.Cheng, Z.Han,  arXiv:0810.5178
----------------------------------------------------------------------
Output File Name: TopTaggerTrimmed_Spring16_80X_Jul_2016_Ntp_v8p0_new_JEC_new_muonID_top_up_FINAL_TTJets_Inc_stopFlatNtuples_249.root

firstSpec : QCD  spec : QCD  isfastsim : 0

spec : QCD  jetVecLabel : jetsLVec  CSVVecLabel : recoJetsBtag_0  METLabel : met
----------------------------------------------------------------------
 M_T2 : a variable for measuring masses when missing energy is expected.
 If you use MT2 or this library, please cite:
 	(o) C.G.Lester, D.J.Summers 
 	    Phys.Lett.B.463:99-103 (1999) hep-ph/9906349
 	(o) A.J.Barr, C.G.Lester, P.Stephens 
 	    J.Phys.G 29:2343-2363  (2003) hep-ph/0304226
 If you use MTGEN please also cite:
 	(o) C.G.Lester, A.J.Barr (2007) arXiv:0708.1028 (hep-ph)
 	    JHEP 12(2007)102
 If you use the ChengHanBisection MT2 calculator, please also cite:
 	(o) H.Cheng, Z.Han,  arXiv:0810.5178
----------------------------------------------------------------------
Output File Name: TopTaggerTrimmed_Spring16_80X_Jul_2016_Ntp_v8p0_new_JEC_new_muonID_top_up_FINAL_TTJets_Inc_stopFlatNtuples_25.root

firstSpec : QCD  spec : QCD  isfastsim : 0

spec : QCD  jetVecLabel : jetsLVec  CSVVecLabel : recoJetsBtag_0  METLabel : met
----------------------------------------------------------------------
 M_T2 : a variable for measuring masses when missing energy is expected.
 If you use MT2 or this library, please cite:
 	(o) C.G.Lester, D.J.Summers 
 	    Phys.Lett.B.463:99-103 (1999) hep-ph/9906349
 	(o) A.J.Barr, C.G.Lester, P.Stephens 
 	    J.Phys.G 29:2343-2363  (2003) hep-ph/0304226
 If you use MTGEN please also cite:
 	(o) C.G.Lester, A.J.Barr (2007) arXiv:0708.1028 (hep-ph)
 	    JHEP 12(2007)102
 If you use the ChengHanBisection MT2 calculator, please also cite:
 	(o) H.Cheng, Z.Han,  arXiv:0810.5178
----------------------------------------------------------------------
Output File Name: TopTaggerTrimmed_Spring16_80X_Jul_2016_Ntp_v8p0_new_JEC_new_muonID_top_up_FINAL_TTJets_Inc_stopFlatNtuples_250.root

firstSpec : QCD  spec : QCD  isfastsim : 0

spec : QCD  jetVecLabel : jetsLVec  CSVVecLabel : recoJetsBtag_0  METLabel : met
----------------------------------------------------------------------
 M_T2 : a variable for measuring masses when missing energy is expected.
 If you use MT2 or this library, please cite:
 	(o) C.G.Lester, D.J.Summers 
 	    Phys.Lett.B.463:99-103 (1999) hep-ph/9906349
 	(o) A.J.Barr, C.G.Lester, P.Stephens 
 	    J.Phys.G 29:2343-2363  (2003) hep-ph/0304226
 If you use MTGEN please also cite:
 	(o) C.G.Lester, A.J.Barr (2007) arXiv:0708.1028 (hep-ph)
 	    JHEP 12(2007)102
 If you use the ChengHanBisection MT2 calculator, please also cite:
 	(o) H.Cheng, Z.Han,  arXiv:0810.5178
----------------------------------------------------------------------
Output File Name: TopTaggerTrimmed_Spring16_80X_Jul_2016_Ntp_v8p0_new_JEC_new_muonID_top_up_FINAL_TTJets_Inc_stopFlatNtuples_251.root

firstSpec : QCD  spec : QCD  isfastsim : 0

spec : QCD  jetVecLabel : jetsLVec  CSVVecLabel : recoJetsBtag_0  METLabel : met
----------------------------------------------------------------------
 M_T2 : a variable for measuring masses when missing energy is expected.
 If you use MT2 or this library, please cite:
 	(o) C.G.Lester, D.J.Summers 
 	    Phys.Lett.B.463:99-103 (1999) hep-ph/9906349
 	(o) A.J.Barr, C.G.Lester, P.Stephens 
 	    J.Phys.G 29:2343-2363  (2003) hep-ph/0304226
 If you use MTGEN please also cite:
 	(o) C.G.Lester, A.J.Barr (2007) arXiv:0708.1028 (hep-ph)
 	    JHEP 12(2007)102
 If you use the ChengHanBisection MT2 calculator, please also cite:
 	(o) H.Cheng, Z.Han,  arXiv:0810.5178
----------------------------------------------------------------------
Output File Name: TopTaggerTrimmed_Spring16_80X_Jul_2016_Ntp_v8p0_new_JEC_new_muonID_top_up_FINAL_TTJets_Inc_stopFlatNtuples_252.root

firstSpec : QCD  spec : QCD  isfastsim : 0

spec : QCD  jetVecLabel : jetsLVec  CSVVecLabel : recoJetsBtag_0  METLabel : met
----------------------------------------------------------------------
 M_T2 : a variable for measuring masses when missing energy is expected.
 If you use MT2 or this library, please cite:
 	(o) C.G.Lester, D.J.Summers 
 	    Phys.Lett.B.463:99-103 (1999) hep-ph/9906349
 	(o) A.J.Barr, C.G.Lester, P.Stephens 
 	    J.Phys.G 29:2343-2363  (2003) hep-ph/0304226
 If you use MTGEN please also cite:
 	(o) C.G.Lester, A.J.Barr (2007) arXiv:0708.1028 (hep-ph)
 	    JHEP 12(2007)102
 If you use the ChengHanBisection MT2 calculator, please also cite:
 	(o) H.Cheng, Z.Han,  arXiv:0810.5178
----------------------------------------------------------------------
Output File Name: TopTaggerTrimmed_Spring16_80X_Jul_2016_Ntp_v8p0_new_JEC_new_muonID_top_up_FINAL_TTJets_Inc_stopFlatNtuples_253.root

firstSpec : QCD  spec : QCD  isfastsim : 0

spec : QCD  jetVecLabel : jetsLVec  CSVVecLabel : recoJetsBtag_0  METLabel : met
----------------------------------------------------------------------
 M_T2 : a variable for measuring masses when missing energy is expected.
 If you use MT2 or this library, please cite:
 	(o) C.G.Lester, D.J.Summers 
 	    Phys.Lett.B.463:99-103 (1999) hep-ph/9906349
 	(o) A.J.Barr, C.G.Lester, P.Stephens 
 	    J.Phys.G 29:2343-2363  (2003) hep-ph/0304226
 If you use MTGEN please also cite:
 	(o) C.G.Lester, A.J.Barr (2007) arXiv:0708.1028 (hep-ph)
 	    JHEP 12(2007)102
 If you use the ChengHanBisection MT2 calculator, please also cite:
 	(o) H.Cheng, Z.Han,  arXiv:0810.5178
----------------------------------------------------------------------
Output File Name: TopTaggerTrimmed_Spring16_80X_Jul_2016_Ntp_v8p0_new_JEC_new_muonID_top_up_FINAL_TTJets_Inc_stopFlatNtuples_254.root

firstSpec : QCD  spec : QCD  isfastsim : 0

spec : QCD  jetVecLabel : jetsLVec  CSVVecLabel : recoJetsBtag_0  METLabel : met
----------------------------------------------------------------------
 M_T2 : a variable for measuring masses when missing energy is expected.
 If you use MT2 or this library, please cite:
 	(o) C.G.Lester, D.J.Summers 
 	    Phys.Lett.B.463:99-103 (1999) hep-ph/9906349
 	(o) A.J.Barr, C.G.Lester, P.Stephens 
 	    J.Phys.G 29:2343-2363  (2003) hep-ph/0304226
 If you use MTGEN please also cite:
 	(o) C.G.Lester, A.J.Barr (2007) arXiv:0708.1028 (hep-ph)
 	    JHEP 12(2007)102
 If you use the ChengHanBisection MT2 calculator, please also cite:
 	(o) H.Cheng, Z.Han,  arXiv:0810.5178
----------------------------------------------------------------------
Output File Name: TopTaggerTrimmed_Spring16_80X_Jul_2016_Ntp_v8p0_new_JEC_new_muonID_top_up_FINAL_TTJets_Inc_stopFlatNtuples_255.root

firstSpec : QCD  spec : QCD  isfastsim : 0

spec : QCD  jetVecLabel : jetsLVec  CSVVecLabel : recoJetsBtag_0  METLabel : met
----------------------------------------------------------------------
 M_T2 : a variable for measuring masses when missing energy is expected.
 If you use MT2 or this library, please cite:
 	(o) C.G.Lester, D.J.Summers 
 	    Phys.Lett.B.463:99-103 (1999) hep-ph/9906349
 	(o) A.J.Barr, C.G.Lester, P.Stephens 
 	    J.Phys.G 29:2343-2363  (2003) hep-ph/0304226
 If you use MTGEN please also cite:
 	(o) C.G.Lester, A.J.Barr (2007) arXiv:0708.1028 (hep-ph)
 	    JHEP 12(2007)102
 If you use the ChengHanBisection MT2 calculator, please also cite:
 	(o) H.Cheng, Z.Han,  arXiv:0810.5178
----------------------------------------------------------------------
Output File Name: TopTaggerTrimmed_Spring16_80X_Jul_2016_Ntp_v8p0_new_JEC_new_muonID_top_up_FINAL_TTJets_Inc_stopFlatNtuples_256.root

firstSpec : QCD  spec : QCD  isfastsim : 0

spec : QCD  jetVecLabel : jetsLVec  CSVVecLabel : recoJetsBtag_0  METLabel : met
----------------------------------------------------------------------
 M_T2 : a variable for measuring masses when missing energy is expected.
 If you use MT2 or this library, please cite:
 	(o) C.G.Lester, D.J.Summers 
 	    Phys.Lett.B.463:99-103 (1999) hep-ph/9906349
 	(o) A.J.Barr, C.G.Lester, P.Stephens 
 	    J.Phys.G 29:2343-2363  (2003) hep-ph/0304226
 If you use MTGEN please also cite:
 	(o) C.G.Lester, A.J.Barr (2007) arXiv:0708.1028 (hep-ph)
 	    JHEP 12(2007)102
 If you use the ChengHanBisection MT2 calculator, please also cite:
 	(o) H.Cheng, Z.Han,  arXiv:0810.5178
----------------------------------------------------------------------
Output File Name: TopTaggerTrimmed_Spring16_80X_Jul_2016_Ntp_v8p0_new_JEC_new_muonID_top_up_FINAL_TTJets_Inc_stopFlatNtuples_257.root

firstSpec : QCD  spec : QCD  isfastsim : 0

spec : QCD  jetVecLabel : jetsLVec  CSVVecLabel : recoJetsBtag_0  METLabel : met
----------------------------------------------------------------------
 M_T2 : a variable for measuring masses when missing energy is expected.
 If you use MT2 or this library, please cite:
 	(o) C.G.Lester, D.J.Summers 
 	    Phys.Lett.B.463:99-103 (1999) hep-ph/9906349
 	(o) A.J.Barr, C.G.Lester, P.Stephens 
 	    J.Phys.G 29:2343-2363  (2003) hep-ph/0304226
 If you use MTGEN please also cite:
 	(o) C.G.Lester, A.J.Barr (2007) arXiv:0708.1028 (hep-ph)
 	    JHEP 12(2007)102
 If you use the ChengHanBisection MT2 calculator, please also cite:
 	(o) H.Cheng, Z.Han,  arXiv:0810.5178
----------------------------------------------------------------------
Output File Name: TopTaggerTrimmed_Spring16_80X_Jul_2016_Ntp_v8p0_new_JEC_new_muonID_top_up_FINAL_TTJets_Inc_stopFlatNtuples_258.root

firstSpec : QCD  spec : QCD  isfastsim : 0

spec : QCD  jetVecLabel : jetsLVec  CSVVecLabel : recoJetsBtag_0  METLabel : met
----------------------------------------------------------------------
 M_T2 : a variable for measuring masses when missing energy is expected.
 If you use MT2 or this library, please cite:
 	(o) C.G.Lester, D.J.Summers 
 	    Phys.Lett.B.463:99-103 (1999) hep-ph/9906349
 	(o) A.J.Barr, C.G.Lester, P.Stephens 
 	    J.Phys.G 29:2343-2363  (2003) hep-ph/0304226
 If you use MTGEN please also cite:
 	(o) C.G.Lester, A.J.Barr (2007) arXiv:0708.1028 (hep-ph)
 	    JHEP 12(2007)102
 If you use the ChengHanBisection MT2 calculator, please also cite:
 	(o) H.Cheng, Z.Han,  arXiv:0810.5178
----------------------------------------------------------------------
./TopTaggerTrim root://cmseos.fnal.gov//store/group/lpcsusyhad/hua/qgDStudy/TTJets_TuneCUETP8M1_13TeV-madgraphMLM-pythia8/Spring16_80X_Jul_2016_Ntp_v8p0_new_JEC_new_muonID_top_up_FINAL_TTJets_Inc/160810_114224/0000/stopFlatNtuples_243.root

./TopTaggerTrim root://cmseos.fnal.gov//store/group/lpcsusyhad/hua/qgDStudy/TTJets_TuneCUETP8M1_13TeV-madgraphMLM-pythia8/Spring16_80X_Jul_2016_Ntp_v8p0_new_JEC_new_muonID_top_up_FINAL_TTJets_Inc/160810_114224/0000/stopFlatNtuples_244.root

./TopTaggerTrim root://cmseos.fnal.gov//store/group/lpcsusyhad/hua/qgDStudy/TTJets_TuneCUETP8M1_13TeV-madgraphMLM-pythia8/Spring16_80X_Jul_2016_Ntp_v8p0_new_JEC_new_muonID_top_up_FINAL_TTJets_Inc/160810_114224/0000/stopFlatNtuples_245.root

./TopTaggerTrim root://cmseos.fnal.gov//store/group/lpcsusyhad/hua/qgDStudy/TTJets_TuneCUETP8M1_13TeV-madgraphMLM-pythia8/Spring16_80X_Jul_2016_Ntp_v8p0_new_JEC_new_muonID_top_up_FINAL_TTJets_Inc/160810_114224/0000/stopFlatNtuples_246.root

./TopTaggerTrim root://cmseos.fnal.gov//store/group/lpcsusyhad/hua/qgDStudy/TTJets_TuneCUETP8M1_13TeV-madgraphMLM-pythia8/Spring16_80X_Jul_2016_Ntp_v8p0_new_JEC_new_muonID_top_up_FINAL_TTJets_Inc/160810_114224/0000/stopFlatNtuples_247.root

./TopTaggerTrim root://cmseos.fnal.gov//store/group/lpcsusyhad/hua/qgDStudy/TTJets_TuneCUETP8M1_13TeV-madgraphMLM-pythia8/Spring16_80X_Jul_2016_Ntp_v8p0_new_JEC_new_muonID_top_up_FINAL_TTJets_Inc/160810_114224/0000/stopFlatNtuples_248.root

./TopTaggerTrim root://cmseos.fnal.gov//store/group/lpcsusyhad/hua/qgDStudy/TTJets_TuneCUETP8M1_13TeV-madgraphMLM-pythia8/Spring16_80X_Jul_2016_Ntp_v8p0_new_JEC_new_muonID_top_up_FINAL_TTJets_Inc/160810_114224/0000/stopFlatNtuples_249.root

./TopTaggerTrim root://cmseos.fnal.gov//store/group/lpcsusyhad/hua/qgDStudy/TTJets_TuneCUETP8M1_13TeV-madgraphMLM-pythia8/Spring16_80X_Jul_2016_Ntp_v8p0_new_JEC_new_muonID_top_up_FINAL_TTJets_Inc/160810_114224/0000/stopFlatNtuples_25.root

./TopTaggerTrim root://cmseos.fnal.gov//store/group/lpcsusyhad/hua/qgDStudy/TTJets_TuneCUETP8M1_13TeV-madgraphMLM-pythia8/Spring16_80X_Jul_2016_Ntp_v8p0_new_JEC_new_muonID_top_up_FINAL_TTJets_Inc/160810_114224/0000/stopFlatNtuples_250.root

./TopTaggerTrim root://cmseos.fnal.gov//store/group/lpcsusyhad/hua/qgDStudy/TTJets_TuneCUETP8M1_13TeV-madgraphMLM-pythia8/Spring16_80X_Jul_2016_Ntp_v8p0_new_JEC_new_muonID_top_up_FINAL_TTJets_Inc/160810_114224/0000/stopFlatNtuples_251.root

./TopTaggerTrim root://cmseos.fnal.gov//store/group/lpcsusyhad/hua/qgDStudy/TTJets_TuneCUETP8M1_13TeV-madgraphMLM-pythia8/Spring16_80X_Jul_2016_Ntp_v8p0_new_JEC_new_muonID_top_up_FINAL_TTJets_Inc/160810_114224/0000/stopFlatNtuples_252.root

./TopTaggerTrim root://cmseos.fnal.gov//store/group/lpcsusyhad/hua/qgDStudy/TTJets_TuneCUETP8M1_13TeV-madgraphMLM-pythia8/Spring16_80X_Jul_2016_Ntp_v8p0_new_JEC_new_muonID_top_up_FINAL_TTJets_Inc/160810_114224/0000/stopFlatNtuples_253.root

./TopTaggerTrim root://cmseos.fnal.gov//store/group/lpcsusyhad/hua/qgDStudy/TTJets_TuneCUETP8M1_13TeV-madgraphMLM-pythia8/Spring16_80X_Jul_2016_Ntp_v8p0_new_JEC_new_muonID_top_up_FINAL_TTJets_Inc/160810_114224/0000/stopFlatNtuples_254.root

./TopTaggerTrim root://cmseos.fnal.gov//store/group/lpcsusyhad/hua/qgDStudy/TTJets_TuneCUETP8M1_13TeV-madgraphMLM-pythia8/Spring16_80X_Jul_2016_Ntp_v8p0_new_JEC_new_muonID_top_up_FINAL_TTJets_Inc/160810_114224/0000/stopFlatNtuples_255.root

./TopTaggerTrim root://cmseos.fnal.gov//store/group/lpcsusyhad/hua/qgDStudy/TTJets_TuneCUETP8M1_13TeV-madgraphMLM-pythia8/Spring16_80X_Jul_2016_Ntp_v8p0_new_JEC_new_muonID_top_up_FINAL_TTJets_Inc/160810_114224/0000/stopFlatNtuples_256.root

./TopTaggerTrim root://cmseos.fnal.gov//store/group/lpcsusyhad/hua/qgDStudy/TTJets_TuneCUETP8M1_13TeV-madgraphMLM-pythia8/Spring16_80X_Jul_2016_Ntp_v8p0_new_JEC_new_muonID_top_up_FINAL_TTJets_Inc/160810_114224/0000/stopFlatNtuples_257.root

./TopTaggerTrim root://cmseos.fnal.gov//store/group/lpcsusyhad/hua/qgDStudy/TTJets_TuneCUETP8M1_13TeV-madgraphMLM-pythia8/Spring16_80X_Jul_2016_Ntp_v8p0_new_JEC_new_muonID_top_up_FINAL_TTJets_Inc/160810_114224/0000/stopFlatNtuples_258.root

Output File Name: TopTaggerTrimmed_Spring16_80X_Jul_2016_Ntp_v8p0_new_JEC_new_muonID_top_up_FINAL_TTJets_Inc_stopFlatNtuples_259.root

firstSpec : QCD  spec : QCD  isfastsim : 0

spec : QCD  jetVecLabel : jetsLVec  CSVVecLabel : recoJetsBtag_0  METLabel : met
----------------------------------------------------------------------
 M_T2 : a variable for measuring masses when missing energy is expected.
 If you use MT2 or this library, please cite:
 	(o) C.G.Lester, D.J.Summers 
 	    Phys.Lett.B.463:99-103 (1999) hep-ph/9906349
 	(o) A.J.Barr, C.G.Lester, P.Stephens 
 	    J.Phys.G 29:2343-2363  (2003) hep-ph/0304226
 If you use MTGEN please also cite:
 	(o) C.G.Lester, A.J.Barr (2007) arXiv:0708.1028 (hep-ph)
 	    JHEP 12(2007)102
 If you use the ChengHanBisection MT2 calculator, please also cite:
 	(o) H.Cheng, Z.Han,  arXiv:0810.5178
----------------------------------------------------------------------
Output File Name: TopTaggerTrimmed_Spring16_80X_Jul_2016_Ntp_v8p0_new_JEC_new_muonID_top_up_FINAL_TTJets_Inc_stopFlatNtuples_26.root

firstSpec : QCD  spec : QCD  isfastsim : 0

spec : QCD  jetVecLabel : jetsLVec  CSVVecLabel : recoJetsBtag_0  METLabel : met
----------------------------------------------------------------------
 M_T2 : a variable for measuring masses when missing energy is expected.
 If you use MT2 or this library, please cite:
 	(o) C.G.Lester, D.J.Summers 
 	    Phys.Lett.B.463:99-103 (1999) hep-ph/9906349
 	(o) A.J.Barr, C.G.Lester, P.Stephens 
 	    J.Phys.G 29:2343-2363  (2003) hep-ph/0304226
 If you use MTGEN please also cite:
 	(o) C.G.Lester, A.J.Barr (2007) arXiv:0708.1028 (hep-ph)
 	    JHEP 12(2007)102
 If you use the ChengHanBisection MT2 calculator, please also cite:
 	(o) H.Cheng, Z.Han,  arXiv:0810.5178
----------------------------------------------------------------------
Output File Name: TopTaggerTrimmed_Spring16_80X_Jul_2016_Ntp_v8p0_new_JEC_new_muonID_top_up_FINAL_TTJets_Inc_stopFlatNtuples_260.root

firstSpec : QCD  spec : QCD  isfastsim : 0

spec : QCD  jetVecLabel : jetsLVec  CSVVecLabel : recoJetsBtag_0  METLabel : met
----------------------------------------------------------------------
 M_T2 : a variable for measuring masses when missing energy is expected.
 If you use MT2 or this library, please cite:
 	(o) C.G.Lester, D.J.Summers 
 	    Phys.Lett.B.463:99-103 (1999) hep-ph/9906349
 	(o) A.J.Barr, C.G.Lester, P.Stephens 
 	    J.Phys.G 29:2343-2363  (2003) hep-ph/0304226
 If you use MTGEN please also cite:
 	(o) C.G.Lester, A.J.Barr (2007) arXiv:0708.1028 (hep-ph)
 	    JHEP 12(2007)102
 If you use the ChengHanBisection MT2 calculator, please also cite:
 	(o) H.Cheng, Z.Han,  arXiv:0810.5178
----------------------------------------------------------------------
./TopTaggerTrim root://cmseos.fnal.gov//store/group/lpcsusyhad/hua/qgDStudy/TTJets_TuneCUETP8M1_13TeV-madgraphMLM-pythia8/Spring16_80X_Jul_2016_Ntp_v8p0_new_JEC_new_muonID_top_up_FINAL_TTJets_Inc/160810_114224/0000/stopFlatNtuples_259.root

./TopTaggerTrim root://cmseos.fnal.gov//store/group/lpcsusyhad/hua/qgDStudy/TTJets_TuneCUETP8M1_13TeV-madgraphMLM-pythia8/Spring16_80X_Jul_2016_Ntp_v8p0_new_JEC_new_muonID_top_up_FINAL_TTJets_Inc/160810_114224/0000/stopFlatNtuples_26.root

./TopTaggerTrim root://cmseos.fnal.gov//store/group/lpcsusyhad/hua/qgDStudy/TTJets_TuneCUETP8M1_13TeV-madgraphMLM-pythia8/Spring16_80X_Jul_2016_Ntp_v8p0_new_JEC_new_muonID_top_up_FINAL_TTJets_Inc/160810_114224/0000/stopFlatNtuples_260.root

