000 (1423256.026.000) 08/19 07:08:08 Job submitted from host: <131.225.190.173:43234?addrs=131.225.190.173-43234>
...
001 (1423256.026.000) 08/19 07:08:28 Job executing on host: <131.225.206.194:49657>
...
006 (1423256.026.000) 08/19 07:08:36 Image size of job updated: 1
	3  -  MemoryUsage of job (MB)
	2508  -  ResidentSetSize of job (KB)
...
006 (1423256.026.000) 08/19 07:09:36 Image size of job updated: 774336
	161  -  MemoryUsage of job (MB)
	164752  -  ResidentSetSize of job (KB)
...
006 (1423256.026.000) 08/19 07:10:37 Image size of job updated: 774336
	162  -  MemoryUsage of job (MB)
	165488  -  ResidentSetSize of job (KB)
...
006 (1423256.026.000) 08/19 07:11:38 Image size of job updated: 774336
	162  -  MemoryUsage of job (MB)
	165576  -  ResidentSetSize of job (KB)
...
006 (1423256.026.000) 08/19 07:12:39 Image size of job updated: 774568
	162  -  MemoryUsage of job (MB)
	165576  -  ResidentSetSize of job (KB)
...
006 (1423256.026.000) 08/19 07:13:40 Image size of job updated: 774568
	162  -  MemoryUsage of job (MB)
	165816  -  ResidentSetSize of job (KB)
...
005 (1423256.026.000) 08/19 07:14:30 Job terminated.
	(1) Normal termination (return value 0)
		Usr 0 00:03:28, Sys 0 00:00:04  -  Run Remote Usage
		Usr 0 00:00:00, Sys 0 00:00:00  -  Run Local Usage
		Usr 0 00:03:28, Sys 0 00:00:04  -  Total Remote Usage
		Usr 0 00:00:00, Sys 0 00:00:00  -  Total Local Usage
	13308  -  Run Bytes Sent By Job
	2138297  -  Run Bytes Received By Job
	13308  -  Total Bytes Sent By Job
	2138297  -  Total Bytes Received By Job
	Partitionable Resources :    Usage  Request Allocated
	   Cpus                 :                 1         1
	   Disk (KB)            :    38295 52428800  54236178
	   Memory (MB)          :      162     1536      1536
...
