000 (1423256.019.000) 08/19 07:08:08 Job submitted from host: <131.225.190.173:43234?addrs=131.225.190.173-43234>
...
001 (1423256.019.000) 08/19 07:08:28 Job executing on host: <131.225.204.43:35104>
...
006 (1423256.019.000) 08/19 07:08:36 Image size of job updated: 194296
	54  -  MemoryUsage of job (MB)
	55072  -  ResidentSetSize of job (KB)
...
006 (1423256.019.000) 08/19 07:09:36 Image size of job updated: 774072
	160  -  MemoryUsage of job (MB)
	163076  -  ResidentSetSize of job (KB)
...
006 (1423256.019.000) 08/19 07:10:36 Image size of job updated: 774128
	160  -  MemoryUsage of job (MB)
	163764  -  ResidentSetSize of job (KB)
...
006 (1423256.019.000) 08/19 07:11:36 Image size of job updated: 774136
	161  -  MemoryUsage of job (MB)
	164380  -  ResidentSetSize of job (KB)
...
006 (1423256.019.000) 08/19 07:12:36 Image size of job updated: 774152
	161  -  MemoryUsage of job (MB)
	164836  -  ResidentSetSize of job (KB)
...
006 (1423256.019.000) 08/19 07:13:36 Image size of job updated: 774188
	162  -  MemoryUsage of job (MB)
	165260  -  ResidentSetSize of job (KB)
...
006 (1423256.019.000) 08/19 07:15:36 Image size of job updated: 774216
	162  -  MemoryUsage of job (MB)
	165260  -  ResidentSetSize of job (KB)
...
006 (1423256.019.000) 08/19 07:16:36 Image size of job updated: 774348
	162  -  MemoryUsage of job (MB)
	165260  -  ResidentSetSize of job (KB)
...
005 (1423256.019.000) 08/19 07:17:11 Job terminated.
	(1) Normal termination (return value 0)
		Usr 0 00:03:30, Sys 0 00:00:01  -  Run Remote Usage
		Usr 0 00:00:00, Sys 0 00:00:00  -  Run Local Usage
		Usr 0 00:03:30, Sys 0 00:00:01  -  Total Remote Usage
		Usr 0 00:00:00, Sys 0 00:00:00  -  Total Local Usage
	28705  -  Run Bytes Sent By Job
	2138297  -  Run Bytes Received By Job
	28705  -  Total Bytes Sent By Job
	2138297  -  Total Bytes Received By Job
	Partitionable Resources :    Usage  Request Allocated
	   Cpus                 :                 1         1
	   Disk (KB)            :    10045 52428800  52721220
	   Memory (MB)          :      162     1536      1536
...
