000 (1423256.022.000) 08/19 07:08:08 Job submitted from host: <131.225.190.173:43234?addrs=131.225.190.173-43234>
...
001 (1423256.022.000) 08/19 07:08:28 Job executing on host: <131.225.206.189:33166>
...
006 (1423256.022.000) 08/19 07:08:36 Image size of job updated: 1
	3  -  MemoryUsage of job (MB)
	2496  -  ResidentSetSize of job (KB)
...
006 (1423256.022.000) 08/19 07:09:37 Image size of job updated: 774304
	161  -  MemoryUsage of job (MB)
	164008  -  ResidentSetSize of job (KB)
...
006 (1423256.022.000) 08/19 07:11:39 Image size of job updated: 774304
	161  -  MemoryUsage of job (MB)
	164636  -  ResidentSetSize of job (KB)
...
006 (1423256.022.000) 08/19 07:12:40 Image size of job updated: 774304
	161  -  MemoryUsage of job (MB)
	164856  -  ResidentSetSize of job (KB)
...
005 (1423256.022.000) 08/19 07:17:38 Job terminated.
	(1) Normal termination (return value 0)
		Usr 0 00:03:57, Sys 0 00:00:05  -  Run Remote Usage
		Usr 0 00:00:00, Sys 0 00:00:00  -  Run Local Usage
		Usr 0 00:03:57, Sys 0 00:00:05  -  Total Remote Usage
		Usr 0 00:00:00, Sys 0 00:00:00  -  Total Local Usage
	28966  -  Run Bytes Sent By Job
	2138297  -  Run Bytes Received By Job
	28966  -  Total Bytes Sent By Job
	2138297  -  Total Bytes Received By Job
	Partitionable Resources :    Usage  Request Allocated
	   Cpus                 :                 1         1
	   Disk (KB)            :    11721 52428800  54748080
	   Memory (MB)          :      161     1536      1536
...
