Output File Name: TopTaggerTrimmed_Spring16_80X_Jul_2016_Ntp_v8p0_new_JEC_new_muonID_top_up_FINAL_TTJets_Inc_stopFlatNtuples_48.root

firstSpec : QCD  spec : QCD  isfastsim : 0

spec : QCD  jetVecLabel : jetsLVec  CSVVecLabel : recoJetsBtag_0  METLabel : met
----------------------------------------------------------------------
 M_T2 : a variable for measuring masses when missing energy is expected.
 If you use MT2 or this library, please cite:
 	(o) C.G.Lester, D.J.Summers 
 	    Phys.Lett.B.463:99-103 (1999) hep-ph/9906349
 	(o) A.J.Barr, C.G.Lester, P.Stephens 
 	    J.Phys.G 29:2343-2363  (2003) hep-ph/0304226
 If you use MTGEN please also cite:
 	(o) C.G.Lester, A.J.Barr (2007) arXiv:0708.1028 (hep-ph)
 	    JHEP 12(2007)102
 If you use the ChengHanBisection MT2 calculator, please also cite:
 	(o) H.Cheng, Z.Han,  arXiv:0810.5178
----------------------------------------------------------------------
Output File Name: TopTaggerTrimmed_Spring16_80X_Jul_2016_Ntp_v8p0_new_JEC_new_muonID_top_up_FINAL_TTJets_Inc_stopFlatNtuples_49.root

firstSpec : QCD  spec : QCD  isfastsim : 0

spec : QCD  jetVecLabel : jetsLVec  CSVVecLabel : recoJetsBtag_0  METLabel : met
----------------------------------------------------------------------
 M_T2 : a variable for measuring masses when missing energy is expected.
 If you use MT2 or this library, please cite:
 	(o) C.G.Lester, D.J.Summers 
 	    Phys.Lett.B.463:99-103 (1999) hep-ph/9906349
 	(o) A.J.Barr, C.G.Lester, P.Stephens 
 	    J.Phys.G 29:2343-2363  (2003) hep-ph/0304226
 If you use MTGEN please also cite:
 	(o) C.G.Lester, A.J.Barr (2007) arXiv:0708.1028 (hep-ph)
 	    JHEP 12(2007)102
 If you use the ChengHanBisection MT2 calculator, please also cite:
 	(o) H.Cheng, Z.Han,  arXiv:0810.5178
----------------------------------------------------------------------
Output File Name: TopTaggerTrimmed_Spring16_80X_Jul_2016_Ntp_v8p0_new_JEC_new_muonID_top_up_FINAL_TTJets_Inc_stopFlatNtuples_5.root

firstSpec : QCD  spec : QCD  isfastsim : 0

spec : QCD  jetVecLabel : jetsLVec  CSVVecLabel : recoJetsBtag_0  METLabel : met
----------------------------------------------------------------------
 M_T2 : a variable for measuring masses when missing energy is expected.
 If you use MT2 or this library, please cite:
 	(o) C.G.Lester, D.J.Summers 
 	    Phys.Lett.B.463:99-103 (1999) hep-ph/9906349
 	(o) A.J.Barr, C.G.Lester, P.Stephens 
 	    J.Phys.G 29:2343-2363  (2003) hep-ph/0304226
 If you use MTGEN please also cite:
 	(o) C.G.Lester, A.J.Barr (2007) arXiv:0708.1028 (hep-ph)
 	    JHEP 12(2007)102
 If you use the ChengHanBisection MT2 calculator, please also cite:
 	(o) H.Cheng, Z.Han,  arXiv:0810.5178
----------------------------------------------------------------------
Output File Name: TopTaggerTrimmed_Spring16_80X_Jul_2016_Ntp_v8p0_new_JEC_new_muonID_top_up_FINAL_TTJets_Inc_stopFlatNtuples_50.root

firstSpec : QCD  spec : QCD  isfastsim : 0

spec : QCD  jetVecLabel : jetsLVec  CSVVecLabel : recoJetsBtag_0  METLabel : met
----------------------------------------------------------------------
 M_T2 : a variable for measuring masses when missing energy is expected.
 If you use MT2 or this library, please cite:
 	(o) C.G.Lester, D.J.Summers 
 	    Phys.Lett.B.463:99-103 (1999) hep-ph/9906349
 	(o) A.J.Barr, C.G.Lester, P.Stephens 
 	    J.Phys.G 29:2343-2363  (2003) hep-ph/0304226
 If you use MTGEN please also cite:
 	(o) C.G.Lester, A.J.Barr (2007) arXiv:0708.1028 (hep-ph)
 	    JHEP 12(2007)102
 If you use the ChengHanBisection MT2 calculator, please also cite:
 	(o) H.Cheng, Z.Han,  arXiv:0810.5178
----------------------------------------------------------------------
Output File Name: TopTaggerTrimmed_Spring16_80X_Jul_2016_Ntp_v8p0_new_JEC_new_muonID_top_up_FINAL_TTJets_Inc_stopFlatNtuples_51.root

firstSpec : QCD  spec : QCD  isfastsim : 0

spec : QCD  jetVecLabel : jetsLVec  CSVVecLabel : recoJetsBtag_0  METLabel : met
----------------------------------------------------------------------
 M_T2 : a variable for measuring masses when missing energy is expected.
 If you use MT2 or this library, please cite:
 	(o) C.G.Lester, D.J.Summers 
 	    Phys.Lett.B.463:99-103 (1999) hep-ph/9906349
 	(o) A.J.Barr, C.G.Lester, P.Stephens 
 	    J.Phys.G 29:2343-2363  (2003) hep-ph/0304226
 If you use MTGEN please also cite:
 	(o) C.G.Lester, A.J.Barr (2007) arXiv:0708.1028 (hep-ph)
 	    JHEP 12(2007)102
 If you use the ChengHanBisection MT2 calculator, please also cite:
 	(o) H.Cheng, Z.Han,  arXiv:0810.5178
----------------------------------------------------------------------
Output File Name: TopTaggerTrimmed_Spring16_80X_Jul_2016_Ntp_v8p0_new_JEC_new_muonID_top_up_FINAL_TTJets_Inc_stopFlatNtuples_52.root

firstSpec : QCD  spec : QCD  isfastsim : 0

spec : QCD  jetVecLabel : jetsLVec  CSVVecLabel : recoJetsBtag_0  METLabel : met
----------------------------------------------------------------------
 M_T2 : a variable for measuring masses when missing energy is expected.
 If you use MT2 or this library, please cite:
 	(o) C.G.Lester, D.J.Summers 
 	    Phys.Lett.B.463:99-103 (1999) hep-ph/9906349
 	(o) A.J.Barr, C.G.Lester, P.Stephens 
 	    J.Phys.G 29:2343-2363  (2003) hep-ph/0304226
 If you use MTGEN please also cite:
 	(o) C.G.Lester, A.J.Barr (2007) arXiv:0708.1028 (hep-ph)
 	    JHEP 12(2007)102
 If you use the ChengHanBisection MT2 calculator, please also cite:
 	(o) H.Cheng, Z.Han,  arXiv:0810.5178
----------------------------------------------------------------------
Output File Name: TopTaggerTrimmed_Spring16_80X_Jul_2016_Ntp_v8p0_new_JEC_new_muonID_top_up_FINAL_TTJets_Inc_stopFlatNtuples_53.root

firstSpec : QCD  spec : QCD  isfastsim : 0

spec : QCD  jetVecLabel : jetsLVec  CSVVecLabel : recoJetsBtag_0  METLabel : met
----------------------------------------------------------------------
 M_T2 : a variable for measuring masses when missing energy is expected.
 If you use MT2 or this library, please cite:
 	(o) C.G.Lester, D.J.Summers 
 	    Phys.Lett.B.463:99-103 (1999) hep-ph/9906349
 	(o) A.J.Barr, C.G.Lester, P.Stephens 
 	    J.Phys.G 29:2343-2363  (2003) hep-ph/0304226
 If you use MTGEN please also cite:
 	(o) C.G.Lester, A.J.Barr (2007) arXiv:0708.1028 (hep-ph)
 	    JHEP 12(2007)102
 If you use the ChengHanBisection MT2 calculator, please also cite:
 	(o) H.Cheng, Z.Han,  arXiv:0810.5178
----------------------------------------------------------------------
Output File Name: TopTaggerTrimmed_Spring16_80X_Jul_2016_Ntp_v8p0_new_JEC_new_muonID_top_up_FINAL_TTJets_Inc_stopFlatNtuples_54.root

firstSpec : QCD  spec : QCD  isfastsim : 0

spec : QCD  jetVecLabel : jetsLVec  CSVVecLabel : recoJetsBtag_0  METLabel : met
----------------------------------------------------------------------
 M_T2 : a variable for measuring masses when missing energy is expected.
 If you use MT2 or this library, please cite:
 	(o) C.G.Lester, D.J.Summers 
 	    Phys.Lett.B.463:99-103 (1999) hep-ph/9906349
 	(o) A.J.Barr, C.G.Lester, P.Stephens 
 	    J.Phys.G 29:2343-2363  (2003) hep-ph/0304226
 If you use MTGEN please also cite:
 	(o) C.G.Lester, A.J.Barr (2007) arXiv:0708.1028 (hep-ph)
 	    JHEP 12(2007)102
 If you use the ChengHanBisection MT2 calculator, please also cite:
 	(o) H.Cheng, Z.Han,  arXiv:0810.5178
----------------------------------------------------------------------
Output File Name: TopTaggerTrimmed_Spring16_80X_Jul_2016_Ntp_v8p0_new_JEC_new_muonID_top_up_FINAL_TTJets_Inc_stopFlatNtuples_55.root

firstSpec : QCD  spec : QCD  isfastsim : 0

spec : QCD  jetVecLabel : jetsLVec  CSVVecLabel : recoJetsBtag_0  METLabel : met
----------------------------------------------------------------------
 M_T2 : a variable for measuring masses when missing energy is expected.
 If you use MT2 or this library, please cite:
 	(o) C.G.Lester, D.J.Summers 
 	    Phys.Lett.B.463:99-103 (1999) hep-ph/9906349
 	(o) A.J.Barr, C.G.Lester, P.Stephens 
 	    J.Phys.G 29:2343-2363  (2003) hep-ph/0304226
 If you use MTGEN please also cite:
 	(o) C.G.Lester, A.J.Barr (2007) arXiv:0708.1028 (hep-ph)
 	    JHEP 12(2007)102
 If you use the ChengHanBisection MT2 calculator, please also cite:
 	(o) H.Cheng, Z.Han,  arXiv:0810.5178
----------------------------------------------------------------------
Output File Name: TopTaggerTrimmed_Spring16_80X_Jul_2016_Ntp_v8p0_new_JEC_new_muonID_top_up_FINAL_TTJets_Inc_stopFlatNtuples_56.root

firstSpec : QCD  spec : QCD  isfastsim : 0

spec : QCD  jetVecLabel : jetsLVec  CSVVecLabel : recoJetsBtag_0  METLabel : met
----------------------------------------------------------------------
 M_T2 : a variable for measuring masses when missing energy is expected.
 If you use MT2 or this library, please cite:
 	(o) C.G.Lester, D.J.Summers 
 	    Phys.Lett.B.463:99-103 (1999) hep-ph/9906349
 	(o) A.J.Barr, C.G.Lester, P.Stephens 
 	    J.Phys.G 29:2343-2363  (2003) hep-ph/0304226
 If you use MTGEN please also cite:
 	(o) C.G.Lester, A.J.Barr (2007) arXiv:0708.1028 (hep-ph)
 	    JHEP 12(2007)102
 If you use the ChengHanBisection MT2 calculator, please also cite:
 	(o) H.Cheng, Z.Han,  arXiv:0810.5178
----------------------------------------------------------------------
Output File Name: TopTaggerTrimmed_Spring16_80X_Jul_2016_Ntp_v8p0_new_JEC_new_muonID_top_up_FINAL_TTJets_Inc_stopFlatNtuples_57.root

firstSpec : QCD  spec : QCD  isfastsim : 0

spec : QCD  jetVecLabel : jetsLVec  CSVVecLabel : recoJetsBtag_0  METLabel : met
----------------------------------------------------------------------
 M_T2 : a variable for measuring masses when missing energy is expected.
 If you use MT2 or this library, please cite:
 	(o) C.G.Lester, D.J.Summers 
 	    Phys.Lett.B.463:99-103 (1999) hep-ph/9906349
 	(o) A.J.Barr, C.G.Lester, P.Stephens 
 	    J.Phys.G 29:2343-2363  (2003) hep-ph/0304226
 If you use MTGEN please also cite:
 	(o) C.G.Lester, A.J.Barr (2007) arXiv:0708.1028 (hep-ph)
 	    JHEP 12(2007)102
 If you use the ChengHanBisection MT2 calculator, please also cite:
 	(o) H.Cheng, Z.Han,  arXiv:0810.5178
----------------------------------------------------------------------
Output File Name: TopTaggerTrimmed_Spring16_80X_Jul_2016_Ntp_v8p0_new_JEC_new_muonID_top_up_FINAL_TTJets_Inc_stopFlatNtuples_58.root

firstSpec : QCD  spec : QCD  isfastsim : 0

spec : QCD  jetVecLabel : jetsLVec  CSVVecLabel : recoJetsBtag_0  METLabel : met
----------------------------------------------------------------------
 M_T2 : a variable for measuring masses when missing energy is expected.
 If you use MT2 or this library, please cite:
 	(o) C.G.Lester, D.J.Summers 
 	    Phys.Lett.B.463:99-103 (1999) hep-ph/9906349
 	(o) A.J.Barr, C.G.Lester, P.Stephens 
 	    J.Phys.G 29:2343-2363  (2003) hep-ph/0304226
 If you use MTGEN please also cite:
 	(o) C.G.Lester, A.J.Barr (2007) arXiv:0708.1028 (hep-ph)
 	    JHEP 12(2007)102
 If you use the ChengHanBisection MT2 calculator, please also cite:
 	(o) H.Cheng, Z.Han,  arXiv:0810.5178
----------------------------------------------------------------------
Output File Name: TopTaggerTrimmed_Spring16_80X_Jul_2016_Ntp_v8p0_new_JEC_new_muonID_top_up_FINAL_TTJets_Inc_stopFlatNtuples_59.root

firstSpec : QCD  spec : QCD  isfastsim : 0

spec : QCD  jetVecLabel : jetsLVec  CSVVecLabel : recoJetsBtag_0  METLabel : met
----------------------------------------------------------------------
 M_T2 : a variable for measuring masses when missing energy is expected.
 If you use MT2 or this library, please cite:
 	(o) C.G.Lester, D.J.Summers 
 	    Phys.Lett.B.463:99-103 (1999) hep-ph/9906349
 	(o) A.J.Barr, C.G.Lester, P.Stephens 
 	    J.Phys.G 29:2343-2363  (2003) hep-ph/0304226
 If you use MTGEN please also cite:
 	(o) C.G.Lester, A.J.Barr (2007) arXiv:0708.1028 (hep-ph)
 	    JHEP 12(2007)102
 If you use the ChengHanBisection MT2 calculator, please also cite:
 	(o) H.Cheng, Z.Han,  arXiv:0810.5178
----------------------------------------------------------------------
Output File Name: TopTaggerTrimmed_Spring16_80X_Jul_2016_Ntp_v8p0_new_JEC_new_muonID_top_up_FINAL_TTJets_Inc_stopFlatNtuples_6.root

firstSpec : QCD  spec : QCD  isfastsim : 0

spec : QCD  jetVecLabel : jetsLVec  CSVVecLabel : recoJetsBtag_0  METLabel : met
----------------------------------------------------------------------
 M_T2 : a variable for measuring masses when missing energy is expected.
 If you use MT2 or this library, please cite:
 	(o) C.G.Lester, D.J.Summers 
 	    Phys.Lett.B.463:99-103 (1999) hep-ph/9906349
 	(o) A.J.Barr, C.G.Lester, P.Stephens 
 	    J.Phys.G 29:2343-2363  (2003) hep-ph/0304226
 If you use MTGEN please also cite:
 	(o) C.G.Lester, A.J.Barr (2007) arXiv:0708.1028 (hep-ph)
 	    JHEP 12(2007)102
 If you use the ChengHanBisection MT2 calculator, please also cite:
 	(o) H.Cheng, Z.Han,  arXiv:0810.5178
----------------------------------------------------------------------
Output File Name: TopTaggerTrimmed_Spring16_80X_Jul_2016_Ntp_v8p0_new_JEC_new_muonID_top_up_FINAL_TTJets_Inc_stopFlatNtuples_60.root

firstSpec : QCD  spec : QCD  isfastsim : 0

spec : QCD  jetVecLabel : jetsLVec  CSVVecLabel : recoJetsBtag_0  METLabel : met
----------------------------------------------------------------------
 M_T2 : a variable for measuring masses when missing energy is expected.
 If you use MT2 or this library, please cite:
 	(o) C.G.Lester, D.J.Summers 
 	    Phys.Lett.B.463:99-103 (1999) hep-ph/9906349
 	(o) A.J.Barr, C.G.Lester, P.Stephens 
 	    J.Phys.G 29:2343-2363  (2003) hep-ph/0304226
 If you use MTGEN please also cite:
 	(o) C.G.Lester, A.J.Barr (2007) arXiv:0708.1028 (hep-ph)
 	    JHEP 12(2007)102
 If you use the ChengHanBisection MT2 calculator, please also cite:
 	(o) H.Cheng, Z.Han,  arXiv:0810.5178
----------------------------------------------------------------------
Output File Name: TopTaggerTrimmed_Spring16_80X_Jul_2016_Ntp_v8p0_new_JEC_new_muonID_top_up_FINAL_TTJets_Inc_stopFlatNtuples_61.root

firstSpec : QCD  spec : QCD  isfastsim : 0

spec : QCD  jetVecLabel : jetsLVec  CSVVecLabel : recoJetsBtag_0  METLabel : met
----------------------------------------------------------------------
 M_T2 : a variable for measuring masses when missing energy is expected.
 If you use MT2 or this library, please cite:
 	(o) C.G.Lester, D.J.Summers 
 	    Phys.Lett.B.463:99-103 (1999) hep-ph/9906349
 	(o) A.J.Barr, C.G.Lester, P.Stephens 
 	    J.Phys.G 29:2343-2363  (2003) hep-ph/0304226
 If you use MTGEN please also cite:
 	(o) C.G.Lester, A.J.Barr (2007) arXiv:0708.1028 (hep-ph)
 	    JHEP 12(2007)102
 If you use the ChengHanBisection MT2 calculator, please also cite:
 	(o) H.Cheng, Z.Han,  arXiv:0810.5178
----------------------------------------------------------------------
Output File Name: TopTaggerTrimmed_Spring16_80X_Jul_2016_Ntp_v8p0_new_JEC_new_muonID_top_up_FINAL_TTJets_Inc_stopFlatNtuples_62.root

firstSpec : QCD  spec : QCD  isfastsim : 0

spec : QCD  jetVecLabel : jetsLVec  CSVVecLabel : recoJetsBtag_0  METLabel : met
----------------------------------------------------------------------
 M_T2 : a variable for measuring masses when missing energy is expected.
 If you use MT2 or this library, please cite:
 	(o) C.G.Lester, D.J.Summers 
 	    Phys.Lett.B.463:99-103 (1999) hep-ph/9906349
 	(o) A.J.Barr, C.G.Lester, P.Stephens 
 	    J.Phys.G 29:2343-2363  (2003) hep-ph/0304226
 If you use MTGEN please also cite:
 	(o) C.G.Lester, A.J.Barr (2007) arXiv:0708.1028 (hep-ph)
 	    JHEP 12(2007)102
 If you use the ChengHanBisection MT2 calculator, please also cite:
 	(o) H.Cheng, Z.Han,  arXiv:0810.5178
----------------------------------------------------------------------
./TopTaggerTrim root://cmseos.fnal.gov//store/group/lpcsusyhad/hua/qgDStudy/TTJets_TuneCUETP8M1_13TeV-madgraphMLM-pythia8/Spring16_80X_Jul_2016_Ntp_v8p0_new_JEC_new_muonID_top_up_FINAL_TTJets_Inc/160810_114224/0000/stopFlatNtuples_48.root

./TopTaggerTrim root://cmseos.fnal.gov//store/group/lpcsusyhad/hua/qgDStudy/TTJets_TuneCUETP8M1_13TeV-madgraphMLM-pythia8/Spring16_80X_Jul_2016_Ntp_v8p0_new_JEC_new_muonID_top_up_FINAL_TTJets_Inc/160810_114224/0000/stopFlatNtuples_49.root

./TopTaggerTrim root://cmseos.fnal.gov//store/group/lpcsusyhad/hua/qgDStudy/TTJets_TuneCUETP8M1_13TeV-madgraphMLM-pythia8/Spring16_80X_Jul_2016_Ntp_v8p0_new_JEC_new_muonID_top_up_FINAL_TTJets_Inc/160810_114224/0000/stopFlatNtuples_5.root

./TopTaggerTrim root://cmseos.fnal.gov//store/group/lpcsusyhad/hua/qgDStudy/TTJets_TuneCUETP8M1_13TeV-madgraphMLM-pythia8/Spring16_80X_Jul_2016_Ntp_v8p0_new_JEC_new_muonID_top_up_FINAL_TTJets_Inc/160810_114224/0000/stopFlatNtuples_50.root

./TopTaggerTrim root://cmseos.fnal.gov//store/group/lpcsusyhad/hua/qgDStudy/TTJets_TuneCUETP8M1_13TeV-madgraphMLM-pythia8/Spring16_80X_Jul_2016_Ntp_v8p0_new_JEC_new_muonID_top_up_FINAL_TTJets_Inc/160810_114224/0000/stopFlatNtuples_51.root

./TopTaggerTrim root://cmseos.fnal.gov//store/group/lpcsusyhad/hua/qgDStudy/TTJets_TuneCUETP8M1_13TeV-madgraphMLM-pythia8/Spring16_80X_Jul_2016_Ntp_v8p0_new_JEC_new_muonID_top_up_FINAL_TTJets_Inc/160810_114224/0000/stopFlatNtuples_52.root

./TopTaggerTrim root://cmseos.fnal.gov//store/group/lpcsusyhad/hua/qgDStudy/TTJets_TuneCUETP8M1_13TeV-madgraphMLM-pythia8/Spring16_80X_Jul_2016_Ntp_v8p0_new_JEC_new_muonID_top_up_FINAL_TTJets_Inc/160810_114224/0000/stopFlatNtuples_53.root

./TopTaggerTrim root://cmseos.fnal.gov//store/group/lpcsusyhad/hua/qgDStudy/TTJets_TuneCUETP8M1_13TeV-madgraphMLM-pythia8/Spring16_80X_Jul_2016_Ntp_v8p0_new_JEC_new_muonID_top_up_FINAL_TTJets_Inc/160810_114224/0000/stopFlatNtuples_54.root

./TopTaggerTrim root://cmseos.fnal.gov//store/group/lpcsusyhad/hua/qgDStudy/TTJets_TuneCUETP8M1_13TeV-madgraphMLM-pythia8/Spring16_80X_Jul_2016_Ntp_v8p0_new_JEC_new_muonID_top_up_FINAL_TTJets_Inc/160810_114224/0000/stopFlatNtuples_55.root

./TopTaggerTrim root://cmseos.fnal.gov//store/group/lpcsusyhad/hua/qgDStudy/TTJets_TuneCUETP8M1_13TeV-madgraphMLM-pythia8/Spring16_80X_Jul_2016_Ntp_v8p0_new_JEC_new_muonID_top_up_FINAL_TTJets_Inc/160810_114224/0000/stopFlatNtuples_56.root

./TopTaggerTrim root://cmseos.fnal.gov//store/group/lpcsusyhad/hua/qgDStudy/TTJets_TuneCUETP8M1_13TeV-madgraphMLM-pythia8/Spring16_80X_Jul_2016_Ntp_v8p0_new_JEC_new_muonID_top_up_FINAL_TTJets_Inc/160810_114224/0000/stopFlatNtuples_57.root

./TopTaggerTrim root://cmseos.fnal.gov//store/group/lpcsusyhad/hua/qgDStudy/TTJets_TuneCUETP8M1_13TeV-madgraphMLM-pythia8/Spring16_80X_Jul_2016_Ntp_v8p0_new_JEC_new_muonID_top_up_FINAL_TTJets_Inc/160810_114224/0000/stopFlatNtuples_58.root

./TopTaggerTrim root://cmseos.fnal.gov//store/group/lpcsusyhad/hua/qgDStudy/TTJets_TuneCUETP8M1_13TeV-madgraphMLM-pythia8/Spring16_80X_Jul_2016_Ntp_v8p0_new_JEC_new_muonID_top_up_FINAL_TTJets_Inc/160810_114224/0000/stopFlatNtuples_59.root

./TopTaggerTrim root://cmseos.fnal.gov//store/group/lpcsusyhad/hua/qgDStudy/TTJets_TuneCUETP8M1_13TeV-madgraphMLM-pythia8/Spring16_80X_Jul_2016_Ntp_v8p0_new_JEC_new_muonID_top_up_FINAL_TTJets_Inc/160810_114224/0000/stopFlatNtuples_6.root

./TopTaggerTrim root://cmseos.fnal.gov//store/group/lpcsusyhad/hua/qgDStudy/TTJets_TuneCUETP8M1_13TeV-madgraphMLM-pythia8/Spring16_80X_Jul_2016_Ntp_v8p0_new_JEC_new_muonID_top_up_FINAL_TTJets_Inc/160810_114224/0000/stopFlatNtuples_60.root

./TopTaggerTrim root://cmseos.fnal.gov//store/group/lpcsusyhad/hua/qgDStudy/TTJets_TuneCUETP8M1_13TeV-madgraphMLM-pythia8/Spring16_80X_Jul_2016_Ntp_v8p0_new_JEC_new_muonID_top_up_FINAL_TTJets_Inc/160810_114224/0000/stopFlatNtuples_61.root

./TopTaggerTrim root://cmseos.fnal.gov//store/group/lpcsusyhad/hua/qgDStudy/TTJets_TuneCUETP8M1_13TeV-madgraphMLM-pythia8/Spring16_80X_Jul_2016_Ntp_v8p0_new_JEC_new_muonID_top_up_FINAL_TTJets_Inc/160810_114224/0000/stopFlatNtuples_62.root

./TopTaggerTrim roOutput File Name: TopTaggerTrimmed_Spring16_80X_Jul_2016_Ntp_v8p0_new_JEC_new_muonID_top_up_FINAL_TTJets_Inc_stopFlatNtuples_63.root

firstSpec : QCD  spec : QCD  isfastsim : 0

spec : QCD  jetVecLabel : jetsLVec  CSVVecLabel : recoJetsBtag_0  METLabel : met
----------------------------------------------------------------------
 M_T2 : a variable for measuring masses when missing energy is expected.
 If you use MT2 or this library, please cite:
 	(o) C.G.Lester, D.J.Summers 
 	    Phys.Lett.B.463:99-103 (1999) hep-ph/9906349
 	(o) A.J.Barr, C.G.Lester, P.Stephens 
 	    J.Phys.G 29:2343-2363  (2003) hep-ph/0304226
 If you use MTGEN please also cite:
 	(o) C.G.Lester, A.J.Barr (2007) arXiv:0708.1028 (hep-ph)
 	    JHEP 12(2007)102
 If you use the ChengHanBisection MT2 calculator, please also cite:
 	(o) H.Cheng, Z.Han,  arXiv:0810.5178
----------------------------------------------------------------------
Output File Name: TopTaggerTrimmed_Spring16_80X_Jul_2016_Ntp_v8p0_new_JEC_new_muonID_top_up_FINAL_TTJets_Inc_stopFlatNtuples_64.root

firstSpec : QCD  spec : QCD  isfastsim : 0

spec : QCD  jetVecLabel : jetsLVec  CSVVecLabel : recoJetsBtag_0  METLabel : met
----------------------------------------------------------------------
 M_T2 : a variable for measuring masses when missing energy is expected.
 If you use MT2 or this library, please cite:
 	(o) C.G.Lester, D.J.Summers 
 	    Phys.Lett.B.463:99-103 (1999) hep-ph/9906349
 	(o) A.J.Barr, C.G.Lester, P.Stephens 
 	    J.Phys.G 29:2343-2363  (2003) hep-ph/0304226
 If you use MTGEN please also cite:
 	(o) C.G.Lester, A.J.Barr (2007) arXiv:0708.1028 (hep-ph)
 	    JHEP 12(2007)102
 If you use the ChengHanBisection MT2 calculator, please also cite:
 	(o) H.Cheng, Z.Han,  arXiv:0810.5178
----------------------------------------------------------------------
Output File Name: TopTaggerTrimmed_Spring16_80X_Jul_2016_Ntp_v8p0_new_JEC_new_muonID_top_up_FINAL_TTJets_Inc_stopFlatNtuples_65.root

firstSpec : QCD  spec : QCD  isfastsim : 0

spec : QCD  jetVecLabel : jetsLVec  CSVVecLabel : recoJetsBtag_0  METLabel : met
----------------------------------------------------------------------
 M_T2 : a variable for measuring masses when missing energy is expected.
 If you use MT2 or this library, please cite:
 	(o) C.G.Lester, D.J.Summers 
 	    Phys.Lett.B.463:99-103 (1999) hep-ph/9906349
 	(o) A.J.Barr, C.G.Lester, P.Stephens 
 	    J.Phys.G 29:2343-2363  (2003) hep-ph/0304226
 If you use MTGEN please also cite:
 	(o) C.G.Lester, A.J.Barr (2007) arXiv:0708.1028 (hep-ph)
 	    JHEP 12(2007)102
 If you use the ChengHanBisection MT2 calculator, please also cite:
 	(o) H.Cheng, Z.Han,  arXiv:0810.5178
----------------------------------------------------------------------
ot://cmseos.fnal.gov//store/group/lpcsusyhad/hua/qgDStudy/TTJets_TuneCUETP8M1_13TeV-madgraphMLM-pythia8/Spring16_80X_Jul_2016_Ntp_v8p0_new_JEC_new_muonID_top_up_FINAL_TTJets_Inc/160810_114224/0000/stopFlatNtuples_63.root

./TopTaggerTrim root://cmseos.fnal.gov//store/group/lpcsusyhad/hua/qgDStudy/TTJets_TuneCUETP8M1_13TeV-madgraphMLM-pythia8/Spring16_80X_Jul_2016_Ntp_v8p0_new_JEC_new_muonID_top_up_FINAL_TTJets_Inc/160810_114224/0000/stopFlatNtuples_64.root

./TopTaggerTrim root://cmseos.fnal.gov//store/group/lpcsusyhad/hua/qgDStudy/TTJets_TuneCUETP8M1_13TeV-madgraphMLM-pythia8/Spring16_80X_Jul_2016_Ntp_v8p0_new_JEC_new_muonID_top_up_FINAL_TTJets_Inc/160810_114224/0000/stopFlatNtuples_65.root

