000 (1423256.005.000) 08/19 07:08:08 Job submitted from host: <131.225.190.173:43234?addrs=131.225.190.173-43234>
...
001 (1423256.005.000) 08/19 07:08:24 Job executing on host: <131.225.206.22:57121>
...
006 (1423256.005.000) 08/19 07:08:33 Image size of job updated: 408428
	181  -  MemoryUsage of job (MB)
	184444  -  ResidentSetSize of job (KB)
...
006 (1423256.005.000) 08/19 07:09:34 Image size of job updated: 774172
	181  -  MemoryUsage of job (MB)
	184444  -  ResidentSetSize of job (KB)
...
006 (1423256.005.000) 08/19 07:10:35 Image size of job updated: 809960
	181  -  MemoryUsage of job (MB)
	184444  -  ResidentSetSize of job (KB)
...
005 (1423256.005.000) 08/19 07:18:31 Job terminated.
	(1) Normal termination (return value 0)
		Usr 0 00:05:05, Sys 0 00:00:12  -  Run Remote Usage
		Usr 0 00:00:00, Sys 0 00:00:00  -  Run Local Usage
		Usr 0 00:05:05, Sys 0 00:00:12  -  Total Remote Usage
		Usr 0 00:00:00, Sys 0 00:00:00  -  Total Local Usage
	26558  -  Run Bytes Sent By Job
	2138297  -  Run Bytes Received By Job
	26558  -  Total Bytes Sent By Job
	2138297  -  Total Bytes Received By Job
	Partitionable Resources :    Usage  Request Allocated
	   Cpus                 :                 1         1
	   Disk (KB)            :     2497 52428800  52734750
	   Memory (MB)          :      181     1536      1536
...
