Output File Name: TopTaggerTrimmed_Spring16_80X_Jul_2016_Ntp_v8p0_new_JEC_new_muonID_top_up_FINAL_ZJetsToNuNu_HT-800To1200_stopFlatNtuples_46.root

firstSpec : QCD  spec : QCD  isfastsim : 0

spec : QCD  jetVecLabel : jetsLVec  CSVVecLabel : recoJetsBtag_0  METLabel : met
----------------------------------------------------------------------
 M_T2 : a variable for measuring masses when missing energy is expected.
 If you use MT2 or this library, please cite:
 	(o) C.G.Lester, D.J.Summers 
 	    Phys.Lett.B.463:99-103 (1999) hep-ph/9906349
 	(o) A.J.Barr, C.G.Lester, P.Stephens 
 	    J.Phys.G 29:2343-2363  (2003) hep-ph/0304226
 If you use MTGEN please also cite:
 	(o) C.G.Lester, A.J.Barr (2007) arXiv:0708.1028 (hep-ph)
 	    JHEP 12(2007)102
 If you use the ChengHanBisection MT2 calculator, please also cite:
 	(o) H.Cheng, Z.Han,  arXiv:0810.5178
----------------------------------------------------------------------
Output File Name: TopTaggerTrimmed_Spring16_80X_Jul_2016_Ntp_v8p0_new_JEC_new_muonID_top_up_FINAL_ZJetsToNuNu_HT-800To1200_stopFlatNtuples_47.root

firstSpec : QCD  spec : QCD  isfastsim : 0

spec : QCD  jetVecLabel : jetsLVec  CSVVecLabel : recoJetsBtag_0  METLabel : met
----------------------------------------------------------------------
 M_T2 : a variable for measuring masses when missing energy is expected.
 If you use MT2 or this library, please cite:
 	(o) C.G.Lester, D.J.Summers 
 	    Phys.Lett.B.463:99-103 (1999) hep-ph/9906349
 	(o) A.J.Barr, C.G.Lester, P.Stephens 
 	    J.Phys.G 29:2343-2363  (2003) hep-ph/0304226
 If you use MTGEN please also cite:
 	(o) C.G.Lester, A.J.Barr (2007) arXiv:0708.1028 (hep-ph)
 	    JHEP 12(2007)102
 If you use the ChengHanBisection MT2 calculator, please also cite:
 	(o) H.Cheng, Z.Han,  arXiv:0810.5178
----------------------------------------------------------------------
Output File Name: TopTaggerTrimmed_Spring16_80X_Jul_2016_Ntp_v8p0_new_JEC_new_muonID_top_up_FINAL_ZJetsToNuNu_HT-800To1200_stopFlatNtuples_5.root

firstSpec : QCD  spec : QCD  isfastsim : 0

spec : QCD  jetVecLabel : jetsLVec  CSVVecLabel : recoJetsBtag_0  METLabel : met
----------------------------------------------------------------------
 M_T2 : a variable for measuring masses when missing energy is expected.
 If you use MT2 or this library, please cite:
 	(o) C.G.Lester, D.J.Summers 
 	    Phys.Lett.B.463:99-103 (1999) hep-ph/9906349
 	(o) A.J.Barr, C.G.Lester, P.Stephens 
 	    J.Phys.G 29:2343-2363  (2003) hep-ph/0304226
 If you use MTGEN please also cite:
 	(o) C.G.Lester, A.J.Barr (2007) arXiv:0708.1028 (hep-ph)
 	    JHEP 12(2007)102
 If you use the ChengHanBisection MT2 calculator, please also cite:
 	(o) H.Cheng, Z.Han,  arXiv:0810.5178
----------------------------------------------------------------------
Output File Name: TopTaggerTrimmed_Spring16_80X_Jul_2016_Ntp_v8p0_new_JEC_new_muonID_top_up_FINAL_ZJetsToNuNu_HT-800To1200_stopFlatNtuples_6.root

firstSpec : QCD  spec : QCD  isfastsim : 0

spec : QCD  jetVecLabel : jetsLVec  CSVVecLabel : recoJetsBtag_0  METLabel : met
----------------------------------------------------------------------
 M_T2 : a variable for measuring masses when missing energy is expected.
 If you use MT2 or this library, please cite:
 	(o) C.G.Lester, D.J.Summers 
 	    Phys.Lett.B.463:99-103 (1999) hep-ph/9906349
 	(o) A.J.Barr, C.G.Lester, P.Stephens 
 	    J.Phys.G 29:2343-2363  (2003) hep-ph/0304226
 If you use MTGEN please also cite:
 	(o) C.G.Lester, A.J.Barr (2007) arXiv:0708.1028 (hep-ph)
 	    JHEP 12(2007)102
 If you use the ChengHanBisection MT2 calculator, please also cite:
 	(o) H.Cheng, Z.Han,  arXiv:0810.5178
----------------------------------------------------------------------
Output File Name: TopTaggerTrimmed_Spring16_80X_Jul_2016_Ntp_v8p0_new_JEC_new_muonID_top_up_FINAL_ZJetsToNuNu_HT-800To1200_stopFlatNtuples_7.root

firstSpec : QCD  spec : QCD  isfastsim : 0

spec : QCD  jetVecLabel : jetsLVec  CSVVecLabel : recoJetsBtag_0  METLabel : met
----------------------------------------------------------------------
 M_T2 : a variable for measuring masses when missing energy is expected.
 If you use MT2 or this library, please cite:
 	(o) C.G.Lester, D.J.Summers 
 	    Phys.Lett.B.463:99-103 (1999) hep-ph/9906349
 	(o) A.J.Barr, C.G.Lester, P.Stephens 
 	    J.Phys.G 29:2343-2363  (2003) hep-ph/0304226
 If you use MTGEN please also cite:
 	(o) C.G.Lester, A.J.Barr (2007) arXiv:0708.1028 (hep-ph)
 	    JHEP 12(2007)102
 If you use the ChengHanBisection MT2 calculator, please also cite:
 	(o) H.Cheng, Z.Han,  arXiv:0810.5178
----------------------------------------------------------------------
Output File Name: TopTaggerTrimmed_Spring16_80X_Jul_2016_Ntp_v8p0_new_JEC_new_muonID_top_up_FINAL_ZJetsToNuNu_HT-800To1200_stopFlatNtuples_8.root

firstSpec : QCD  spec : QCD  isfastsim : 0

spec : QCD  jetVecLabel : jetsLVec  CSVVecLabel : recoJetsBtag_0  METLabel : met
----------------------------------------------------------------------
 M_T2 : a variable for measuring masses when missing energy is expected.
 If you use MT2 or this library, please cite:
 	(o) C.G.Lester, D.J.Summers 
 	    Phys.Lett.B.463:99-103 (1999) hep-ph/9906349
 	(o) A.J.Barr, C.G.Lester, P.Stephens 
 	    J.Phys.G 29:2343-2363  (2003) hep-ph/0304226
 If you use MTGEN please also cite:
 	(o) C.G.Lester, A.J.Barr (2007) arXiv:0708.1028 (hep-ph)
 	    JHEP 12(2007)102
 If you use the ChengHanBisection MT2 calculator, please also cite:
 	(o) H.Cheng, Z.Han,  arXiv:0810.5178
----------------------------------------------------------------------
Output File Name: TopTaggerTrimmed_Spring16_80X_Jul_2016_Ntp_v8p0_new_JEC_new_muonID_top_up_FINAL_ZJetsToNuNu_HT-800To1200_stopFlatNtuples_9.root

firstSpec : QCD  spec : QCD  isfastsim : 0

spec : QCD  jetVecLabel : jetsLVec  CSVVecLabel : recoJetsBtag_0  METLabel : met
----------------------------------------------------------------------
 M_T2 : a variable for measuring masses when missing energy is expected.
 If you use MT2 or this library, please cite:
 	(o) C.G.Lester, D.J.Summers 
 	    Phys.Lett.B.463:99-103 (1999) hep-ph/9906349
 	(o) A.J.Barr, C.G.Lester, P.Stephens 
 	    J.Phys.G 29:2343-2363  (2003) hep-ph/0304226
 If you use MTGEN please also cite:
 	(o) C.G.Lester, A.J.Barr (2007) arXiv:0708.1028 (hep-ph)
 	    JHEP 12(2007)102
 If you use the ChengHanBisection MT2 calculator, please also cite:
 	(o) H.Cheng, Z.Han,  arXiv:0810.5178
----------------------------------------------------------------------
./TopTaggerTrim root://cmseos.fnal.gov//store/group/lpcsusyhad/hua/qgDStudy/ZJetsToNuNu_HT-800To1200_13TeV-madgraph/Spring16_80X_Jul_2016_Ntp_v8p0_new_JEC_new_muonID_top_up_FINAL_ZJetsToNuNu_HT-800To1200/160818_125006/0000/stopFlatNtuples_46.root

./TopTaggerTrim root://cmseos.fnal.gov//store/group/lpcsusyhad/hua/qgDStudy/ZJetsToNuNu_HT-800To1200_13TeV-madgraph/Spring16_80X_Jul_2016_Ntp_v8p0_new_JEC_new_muonID_top_up_FINAL_ZJetsToNuNu_HT-800To1200/160818_125006/0000/stopFlatNtuples_47.root

./TopTaggerTrim root://cmseos.fnal.gov//store/group/lpcsusyhad/hua/qgDStudy/ZJetsToNuNu_HT-800To1200_13TeV-madgraph/Spring16_80X_Jul_2016_Ntp_v8p0_new_JEC_new_muonID_top_up_FINAL_ZJetsToNuNu_HT-800To1200/160818_125006/0000/stopFlatNtuples_5.root

./TopTaggerTrim root://cmseos.fnal.gov//store/group/lpcsusyhad/hua/qgDStudy/ZJetsToNuNu_HT-800To1200_13TeV-madgraph/Spring16_80X_Jul_2016_Ntp_v8p0_new_JEC_new_muonID_top_up_FINAL_ZJetsToNuNu_HT-800To1200/160818_125006/0000/stopFlatNtuples_6.root

./TopTaggerTrim root://cmseos.fnal.gov//store/group/lpcsusyhad/hua/qgDStudy/ZJetsToNuNu_HT-800To1200_13TeV-madgraph/Spring16_80X_Jul_2016_Ntp_v8p0_new_JEC_new_muonID_top_up_FINAL_ZJetsToNuNu_HT-800To1200/160818_125006/0000/stopFlatNtuples_7.root

./TopTaggerTrim root://cmseos.fnal.gov//store/group/lpcsusyhad/hua/qgDStudy/ZJetsToNuNu_HT-800To1200_13TeV-madgraph/Spring16_80X_Jul_2016_Ntp_v8p0_new_JEC_new_muonID_top_up_FINAL_ZJetsToNuNu_HT-800To1200/160818_125006/0000/stopFlatNtuples_8.root

./TopTaggerTrim root://cmseos.fnal.gov//store/group/lpcsusyhad/hua/qgDStudy/ZJetsToNuNu_HT-800To1200_13TeV-madgraph/Spring16_80X_Jul_2016_Ntp_v8p0_new_JEC_new_muonID_top_up_FINAL_ZJetsToNuNu_HT-800To1200/160818_125006/0000/stopFlatNtuples_9.root

