000 (1423256.010.000) 08/19 07:08:08 Job submitted from host: <131.225.190.173:43234?addrs=131.225.190.173-43234>
...
001 (1423256.010.000) 08/19 07:08:26 Job executing on host: <131.225.206.174:35398>
...
006 (1423256.010.000) 08/19 07:08:34 Image size of job updated: 764848
	152  -  MemoryUsage of job (MB)
	154976  -  ResidentSetSize of job (KB)
...
006 (1423256.010.000) 08/19 07:09:34 Image size of job updated: 774144
	158  -  MemoryUsage of job (MB)
	161108  -  ResidentSetSize of job (KB)
...
006 (1423256.010.000) 08/19 07:10:34 Image size of job updated: 774144
	158  -  MemoryUsage of job (MB)
	161452  -  ResidentSetSize of job (KB)
...
006 (1423256.010.000) 08/19 07:11:34 Image size of job updated: 774144
	160  -  MemoryUsage of job (MB)
	162976  -  ResidentSetSize of job (KB)
...
006 (1423256.010.000) 08/19 07:12:35 Image size of job updated: 774300
	160  -  MemoryUsage of job (MB)
	162976  -  ResidentSetSize of job (KB)
...
006 (1423256.010.000) 08/19 07:13:36 Image size of job updated: 774300
	163  -  MemoryUsage of job (MB)
	166296  -  ResidentSetSize of job (KB)
...
005 (1423256.010.000) 08/19 07:17:29 Job terminated.
	(1) Normal termination (return value 0)
		Usr 0 00:04:14, Sys 0 00:00:06  -  Run Remote Usage
		Usr 0 00:00:00, Sys 0 00:00:00  -  Run Local Usage
		Usr 0 00:04:14, Sys 0 00:00:06  -  Total Remote Usage
		Usr 0 00:00:00, Sys 0 00:00:00  -  Total Local Usage
	26560  -  Run Bytes Sent By Job
	2138297  -  Run Bytes Received By Job
	26560  -  Total Bytes Sent By Job
	2138297  -  Total Bytes Received By Job
	Partitionable Resources :    Usage  Request Allocated
	   Cpus                 :                 1         1
	   Disk (KB)            :     2504 52428800  54482256
	   Memory (MB)          :      163     1536      1536
...
