000 (1423256.008.000) 08/19 07:08:08 Job submitted from host: <131.225.190.173:43234?addrs=131.225.190.173-43234>
...
001 (1423256.008.000) 08/19 07:08:26 Job executing on host: <131.225.204.105:58351>
...
006 (1423256.008.000) 08/19 07:08:34 Image size of job updated: 416288
	130  -  MemoryUsage of job (MB)
	132720  -  ResidentSetSize of job (KB)
...
006 (1423256.008.000) 08/19 07:09:34 Image size of job updated: 774180
	159  -  MemoryUsage of job (MB)
	162244  -  ResidentSetSize of job (KB)
...
006 (1423256.008.000) 08/19 07:10:34 Image size of job updated: 774180
	159  -  MemoryUsage of job (MB)
	162812  -  ResidentSetSize of job (KB)
...
006 (1423256.008.000) 08/19 07:14:37 Image size of job updated: 774276
	160  -  MemoryUsage of job (MB)
	163084  -  ResidentSetSize of job (KB)
...
006 (1423256.008.000) 08/19 07:15:38 Image size of job updated: 774392
	160  -  MemoryUsage of job (MB)
	163084  -  ResidentSetSize of job (KB)
...
005 (1423256.008.000) 08/19 07:16:35 Job terminated.
	(1) Normal termination (return value 0)
		Usr 0 00:03:57, Sys 0 00:00:04  -  Run Remote Usage
		Usr 0 00:00:00, Sys 0 00:00:00  -  Run Local Usage
		Usr 0 00:03:57, Sys 0 00:00:04  -  Total Remote Usage
		Usr 0 00:00:00, Sys 0 00:00:00  -  Total Local Usage
	26564  -  Run Bytes Sent By Job
	2138297  -  Run Bytes Received By Job
	26564  -  Total Bytes Sent By Job
	2138297  -  Total Bytes Received By Job
	Partitionable Resources :    Usage  Request Allocated
	   Cpus                 :                 1         1
	   Disk (KB)            :     2408 52428800  52507995
	   Memory (MB)          :      160     1536      1536
...
