000 (1423256.018.000) 08/19 07:08:08 Job submitted from host: <131.225.190.173:43234?addrs=131.225.190.173-43234>
...
001 (1423256.018.000) 08/19 07:08:28 Job executing on host: <131.225.204.44:47244>
...
006 (1423256.018.000) 08/19 07:08:36 Image size of job updated: 1
	3  -  MemoryUsage of job (MB)
	2496  -  ResidentSetSize of job (KB)
...
006 (1423256.018.000) 08/19 07:09:36 Image size of job updated: 774244
	162  -  MemoryUsage of job (MB)
	165012  -  ResidentSetSize of job (KB)
...
006 (1423256.018.000) 08/19 07:17:13 Image size of job updated: 1141528
	162  -  MemoryUsage of job (MB)
	165012  -  ResidentSetSize of job (KB)
...
005 (1423256.018.000) 08/19 07:17:14 Job terminated.
	(1) Normal termination (return value 0)
		Usr 0 00:03:53, Sys 0 00:00:05  -  Run Remote Usage
		Usr 0 00:00:00, Sys 0 00:00:00  -  Run Local Usage
		Usr 0 00:03:53, Sys 0 00:00:05  -  Total Remote Usage
		Usr 0 00:00:00, Sys 0 00:00:00  -  Total Local Usage
	28516  -  Run Bytes Sent By Job
	2138297  -  Run Bytes Received By Job
	28516  -  Total Bytes Sent By Job
	2138297  -  Total Bytes Received By Job
	Partitionable Resources :    Usage  Request Allocated
	   Cpus                 :                 1         1
	   Disk (KB)            :     9762 52428800  52887450
	   Memory (MB)          :      162     1536      1536
...
