000 (1423256.017.000) 08/19 07:08:08 Job submitted from host: <131.225.190.173:43234?addrs=131.225.190.173-43234>
...
001 (1423256.017.000) 08/19 07:08:26 Job executing on host: <131.225.204.85:36135>
...
006 (1423256.017.000) 08/19 07:08:35 Image size of job updated: 120104
	9  -  MemoryUsage of job (MB)
	8980  -  ResidentSetSize of job (KB)
...
006 (1423256.017.000) 08/19 07:09:36 Image size of job updated: 774188
	162  -  MemoryUsage of job (MB)
	165164  -  ResidentSetSize of job (KB)
...
006 (1423256.017.000) 08/19 07:11:38 Image size of job updated: 774252
	162  -  MemoryUsage of job (MB)
	165164  -  ResidentSetSize of job (KB)
...
006 (1423256.017.000) 08/19 07:17:16 Image size of job updated: 774272
	162  -  MemoryUsage of job (MB)
	165164  -  ResidentSetSize of job (KB)
...
005 (1423256.017.000) 08/19 07:17:17 Job terminated.
	(1) Normal termination (return value 0)
		Usr 0 00:03:45, Sys 0 00:00:02  -  Run Remote Usage
		Usr 0 00:00:00, Sys 0 00:00:00  -  Run Local Usage
		Usr 0 00:03:45, Sys 0 00:00:02  -  Total Remote Usage
		Usr 0 00:00:00, Sys 0 00:00:00  -  Total Local Usage
	28728  -  Run Bytes Sent By Job
	2138297  -  Run Bytes Received By Job
	28728  -  Total Bytes Sent By Job
	2138297  -  Total Bytes Received By Job
	Partitionable Resources :    Usage  Request Allocated
	   Cpus                 :                 1         1
	   Disk (KB)            :     9265 52428800  52646865
	   Memory (MB)          :      162     1536      1536
...
