000 (1423256.000.000) 08/19 07:08:08 Job submitted from host: <131.225.190.173:43234?addrs=131.225.190.173-43234>
...
001 (1423256.000.000) 08/19 07:08:24 Job executing on host: <131.225.206.28:49229>
...
006 (1423256.000.000) 08/19 07:08:32 Image size of job updated: 398116
	171  -  MemoryUsage of job (MB)
	174844  -  ResidentSetSize of job (KB)
...
006 (1423256.000.000) 08/19 07:09:32 Image size of job updated: 774396
	171  -  MemoryUsage of job (MB)
	174844  -  ResidentSetSize of job (KB)
...
005 (1423256.000.000) 08/19 07:17:57 Job terminated.
	(1) Normal termination (return value 0)
		Usr 0 00:04:28, Sys 0 00:00:09  -  Run Remote Usage
		Usr 0 00:00:00, Sys 0 00:00:00  -  Run Local Usage
		Usr 0 00:04:28, Sys 0 00:00:09  -  Total Remote Usage
		Usr 0 00:00:00, Sys 0 00:00:00  -  Total Local Usage
	26601  -  Run Bytes Sent By Job
	2138297  -  Run Bytes Received By Job
	26601  -  Total Bytes Sent By Job
	2138297  -  Total Bytes Received By Job
	Partitionable Resources :    Usage  Request Allocated
	   Cpus                 :                 1         1
	   Disk (KB)            :     2416 52428800  52946715
	   Memory (MB)          :      171     1536      1536
...
