000 (1423256.014.000) 08/19 07:08:08 Job submitted from host: <131.225.190.173:43234?addrs=131.225.190.173-43234>
...
001 (1423256.014.000) 08/19 07:08:26 Job executing on host: <131.225.207.175:36882>
...
006 (1423256.014.000) 08/19 07:08:35 Image size of job updated: 144564
	10  -  MemoryUsage of job (MB)
	9948  -  ResidentSetSize of job (KB)
...
006 (1423256.014.000) 08/19 07:09:36 Image size of job updated: 774168
	164  -  MemoryUsage of job (MB)
	167140  -  ResidentSetSize of job (KB)
...
006 (1423256.014.000) 08/19 07:10:37 Image size of job updated: 774272
	164  -  MemoryUsage of job (MB)
	167140  -  ResidentSetSize of job (KB)
...
006 (1423256.014.000) 08/19 07:13:40 Image size of job updated: 774284
	164  -  MemoryUsage of job (MB)
	167140  -  ResidentSetSize of job (KB)
...
006 (1423256.014.000) 08/19 07:15:41 Image size of job updated: 774284
	184  -  MemoryUsage of job (MB)
	188132  -  ResidentSetSize of job (KB)
...
006 (1423256.014.000) 08/19 07:16:41 Image size of job updated: 774308
	184  -  MemoryUsage of job (MB)
	188132  -  ResidentSetSize of job (KB)
...
005 (1423256.014.000) 08/19 07:16:48 Job terminated.
	(1) Normal termination (return value 0)
		Usr 0 00:03:48, Sys 0 00:00:08  -  Run Remote Usage
		Usr 0 00:00:00, Sys 0 00:00:00  -  Run Local Usage
		Usr 0 00:03:48, Sys 0 00:00:08  -  Total Remote Usage
		Usr 0 00:00:00, Sys 0 00:00:00  -  Total Local Usage
	22547  -  Run Bytes Sent By Job
	2138297  -  Run Bytes Received By Job
	22547  -  Total Bytes Sent By Job
	2138297  -  Total Bytes Received By Job
	Partitionable Resources :    Usage  Request Allocated
	   Cpus                 :                 1         1
	   Disk (KB)            :     2484 52428800  52824855
	   Memory (MB)          :      184     1536      1536
...
